<?xml version="1.0" encoding="UTF-8"?>
<testsuites name="Basic work" time="238" tests="13" failures="6" errors="0">
   <testsuite name="Basic work" tests="13" failures="6" errors="0" time="238" timestamp="2560-10-19 16:12:20" hostname="PIEW - 192.168.11.220" id="Test Suites/Basic work">
      <properties>
         <property name="deviceName" value=""/>
         <property name="devicePlatform" value=""/>
         <property name="logFolder" value="C:\\Users\\PIEW\\Katalon Studio\\GuruTMDA\\Reports\\Basic work\\25601019_161218"/>
         <property name="logFiles" value="C:\\Users\\PIEW\\Katalon Studio\\GuruTMDA\\Reports\\Basic work\\25601019_161218\\execution0.log"/>
         <property name="attachments" value="C:\\Users\\PIEW\\Katalon Studio\\GuruTMDA\\Reports\\Basic work\\25601019_161218\\1508404440466.png, C:\\Users\\PIEW\\Katalon Studio\\GuruTMDA\\Reports\\Basic work\\25601019_161218\\1508404466160.png, C:\\Users\\PIEW\\Katalon Studio\\GuruTMDA\\Reports\\Basic work\\25601019_161218\\1508404466492.png, C:\\Users\\PIEW\\Katalon Studio\\GuruTMDA\\Reports\\Basic work\\25601019_161218\\1508404471192.png, C:\\Users\\PIEW\\Katalon Studio\\GuruTMDA\\Reports\\Basic work\\25601019_161218\\1508404471492.png, C:\\Users\\PIEW\\Katalon Studio\\GuruTMDA\\Reports\\Basic work\\25601019_161218\\1508404478822.png, C:\\Users\\PIEW\\Katalon Studio\\GuruTMDA\\Reports\\Basic work\\25601019_161218\\1508404479130.png, C:\\Users\\PIEW\\Katalon Studio\\GuruTMDA\\Reports\\Basic work\\25601019_161218\\1508404484332.png, C:\\Users\\PIEW\\Katalon Studio\\GuruTMDA\\Reports\\Basic work\\25601019_161218\\1508404484635.png, C:\\Users\\PIEW\\Katalon Studio\\GuruTMDA\\Reports\\Basic work\\25601019_161218\\1508404526405.png, C:\\Users\\PIEW\\Katalon Studio\\GuruTMDA\\Reports\\Basic work\\25601019_161218\\1508404529790.png, C:\\Users\\PIEW\\Katalon Studio\\GuruTMDA\\Reports\\Basic work\\25601019_161218\\1508404563179.png"/>
         <property name="hostName" value="PIEW - 192.168.11.220"/>
         <property name="os" value="Windows 7 64bit"/>
         <property name="katalonVersion" value="4.8.0.2"/>
         <property name="browser" value="Chrome 61.0.3163.100"/>
         <property name="hostAddress" value="192.168.11.220"/>
         <property name="sessionId" value="9454fd3e4edbd877d4410f50e737b9ea"/>
         <property name="seleniumVersion" value="2.53.0"/>
         <property name="proxyInformation" value="ProxyInformation{proxyOption=NO_PROXY, proxyServerType=HTTP, password=, proxyServerAddress=, proxyServerPort=0}"/>
         <property name="platform" value="Windows 7"/>
      </properties>
      <testcase name="Test Cases/Basic work/Single Verbatim without login" classname="Test Cases/Basic work/Single Verbatim without login" status="PASSED">
         <system-out><![CDATA[2560-10-19 16:12:21 - [TEST_CASE][PASSED] - Test Cases/Basic work/Single Verbatim without login: Test Cases/Basic work/Single Verbatim without login

2560-10-19 16:12:21 - [TEST_STEP][PASSED] - openBrowser: Browser is opened with url: ''

2560-10-19 16:12:24 - [MESSAGE][PASSED] - Browser is opened with url: ''

2560-10-19 16:12:24 - [TEST_STEP][PASSED] - maximizeWindow: Current window maximized

2560-10-19 16:12:25 - [MESSAGE][PASSED] - Current window maximized

2560-10-19 16:12:25 - [TEST_STEP][PASSED] - navigateToUrl: Navigate to 'http://192.168.11.59' successfully

2560-10-19 16:12:30 - [MESSAGE][PASSED] - Navigate to 'http://192.168.11.59' successfully

2560-10-19 16:12:30 - [TEST_STEP][PASSED] - setText: Text 'บริการดี แต่รอคิวนาน' is set on object 'Object Repository/Page_Guru TMDA (2)/input_input-text w3-large inpu'

2560-10-19 16:12:30 - [MESSAGE][PASSED] - Text 'บริการดี แต่รอคิวนาน' is set on object 'Object Repository/Page_Guru TMDA (2)/input_input-text w3-large inpu'

2560-10-19 16:12:30 - [TEST_STEP][PASSED] - click: Object: 'Object Repository/Page single/Page_Guru TMDA/button_btn btn-link' is clicked on

2560-10-19 16:12:30 - [MESSAGE][PASSED] - Object: 'Object Repository/Page single/Page_Guru TMDA/button_btn btn-link' is clicked on

2560-10-19 16:12:30 - [TEST_STEP][PASSED] - click: Object: 'Object Repository/Page_Guru TMDA (2)/div_row' is clicked on

2560-10-19 16:12:58 - [MESSAGE][PASSED] - Object: 'Object Repository/Page_Guru TMDA (2)/div_row' is clicked on

2560-10-19 16:12:58 - [TEST_STEP][PASSED] - click: Object: 'Object Repository/Page_Guru TMDA (2)/div_predict-result' is clicked on

2560-10-19 16:12:58 - [MESSAGE][PASSED] - Object: 'Object Repository/Page_Guru TMDA (2)/div_predict-result' is clicked on

2560-10-19 16:12:58 - [TEST_STEP][NOT_RUN] - closeBrowser: NOT_RUN: closeBrowser

2560-10-19 16:12:58 - [MESSAGE][NOT_RUN] - NOT_RUN: closeBrowser]]></system-out>
         <system-err><![CDATA[]]></system-err>
      </testcase>
      <testcase name="Test Cases/Basic work/Login" classname="Test Cases/Basic work/Login" status="PASSED">
         <system-out><![CDATA[2560-10-19 16:12:58 - [TEST_CASE][PASSED] - Test Cases/Basic work/Login: Test Cases/Basic work/Login

2560-10-19 16:12:59 - [TEST_STEP][NOT_RUN] - openBrowser: NOT_RUN: openBrowser

2560-10-19 16:12:59 - [MESSAGE][NOT_RUN] - NOT_RUN: openBrowser

2560-10-19 16:12:59 - [TEST_STEP][NOT_RUN] - maximizeWindow: NOT_RUN: maximizeWindow

2560-10-19 16:12:59 - [MESSAGE][NOT_RUN] - NOT_RUN: maximizeWindow

2560-10-19 16:12:59 - [TEST_STEP][NOT_RUN] - navigateToUrl: NOT_RUN: navigateToUrl

2560-10-19 16:12:59 - [MESSAGE][NOT_RUN] - NOT_RUN: navigateToUrl

2560-10-19 16:12:59 - [TEST_STEP][PASSED] - click: Object: 'Object Repository/Page_Guru TMDA/span_Login' is clicked on

2560-10-19 16:12:59 - [MESSAGE][PASSED] - Object: 'Object Repository/Page_Guru TMDA/span_Login' is clicked on

2560-10-19 16:12:59 - [TEST_STEP][PASSED] - setText: Text 'piew' is set on object 'Object Repository/Page_Guru TMDA (1)/input_ng-untouched ng-valid ng'

2560-10-19 16:12:59 - [MESSAGE][PASSED] - Text 'piew' is set on object 'Object Repository/Page_Guru TMDA (1)/input_ng-untouched ng-valid ng'

2560-10-19 16:12:59 - [TEST_STEP][PASSED] - setText: Text 'piew' is set on object 'Object Repository/Page_Guru TMDA (1)/input_ng-untouched ng-pristine'

2560-10-19 16:13:00 - [MESSAGE][PASSED] - Text 'piew' is set on object 'Object Repository/Page_Guru TMDA (1)/input_ng-untouched ng-pristine'

2560-10-19 16:13:00 - [TEST_STEP][PASSED] - submit: The form containing object: 'Object Repository/Page_Guru TMDA (1)/button_Login' is submitted

2560-10-19 16:13:00 - [MESSAGE][PASSED] - The form containing object: 'Object Repository/Page_Guru TMDA (1)/button_Login' is submitted

2560-10-19 16:13:00 - [TEST_STEP][PASSED] - verifyElementPresent: Object 'Object Repository/Page_Guru TMDA (7)/a_Help' is present

2560-10-19 16:13:00 - [MESSAGE][WARNING] - Timeout '0' is invalid. Using default page load timeout: '30'

2560-10-19 16:13:00 - [MESSAGE][PASSED] - Object 'Object Repository/Page_Guru TMDA (7)/a_Help' is present

2560-10-19 16:13:00 - [TEST_STEP][NOT_RUN] - closeBrowser: NOT_RUN: closeBrowser

2560-10-19 16:13:00 - [MESSAGE][NOT_RUN] - NOT_RUN: closeBrowser]]></system-out>
         <system-err><![CDATA[]]></system-err>
      </testcase>
      <testcase name="Test Cases/Basic work/Single Verbatim with login" classname="Test Cases/Basic work/Single Verbatim with login" status="PASSED">
         <system-out><![CDATA[2560-10-19 16:13:00 - [TEST_CASE][PASSED] - Test Cases/Basic work/Single Verbatim with login: Test Cases/Basic work/Single Verbatim with login

2560-10-19 16:13:01 - [TEST_STEP][NOT_RUN] - openBrowser: NOT_RUN: openBrowser

2560-10-19 16:13:01 - [MESSAGE][NOT_RUN] - NOT_RUN: openBrowser

2560-10-19 16:13:01 - [TEST_STEP][NOT_RUN] - navigateToUrl: NOT_RUN: navigateToUrl

2560-10-19 16:13:01 - [MESSAGE][NOT_RUN] - NOT_RUN: navigateToUrl

2560-10-19 16:13:01 - [TEST_STEP][NOT_RUN] - click: NOT_RUN: click

2560-10-19 16:13:01 - [MESSAGE][NOT_RUN] - NOT_RUN: click

2560-10-19 16:13:01 - [TEST_STEP][NOT_RUN] - setText: NOT_RUN: setText

2560-10-19 16:13:01 - [MESSAGE][NOT_RUN] - NOT_RUN: setText

2560-10-19 16:13:01 - [TEST_STEP][NOT_RUN] - setText: NOT_RUN: setText

2560-10-19 16:13:01 - [MESSAGE][NOT_RUN] - NOT_RUN: setText

2560-10-19 16:13:01 - [TEST_STEP][NOT_RUN] - click: NOT_RUN: click

2560-10-19 16:13:01 - [MESSAGE][NOT_RUN] - NOT_RUN: click

2560-10-19 16:13:01 - [TEST_STEP][PASSED] - setText: Text 'บริการดี แต่รอคิวนาน' is set on object 'Object Repository/Page_Guru TMDA (2)/input_input-text w3-large inpu'

2560-10-19 16:13:01 - [MESSAGE][PASSED] - Text 'บริการดี แต่รอคิวนาน' is set on object 'Object Repository/Page_Guru TMDA (2)/input_input-text w3-large inpu'

2560-10-19 16:13:01 - [TEST_STEP][PASSED] - click: Object: 'Object Repository/Page single/Page_Guru TMDA/button_btn btn-link' is clicked on

2560-10-19 16:13:01 - [MESSAGE][PASSED] - Object: 'Object Repository/Page single/Page_Guru TMDA/button_btn btn-link' is clicked on

2560-10-19 16:13:01 - [TEST_STEP][PASSED] - click: Object: 'Object Repository/Page_Guru TMDA (2)/div_row' is clicked on

2560-10-19 16:13:26 - [MESSAGE][PASSED] - Object: 'Object Repository/Page_Guru TMDA (2)/div_row' is clicked on

2560-10-19 16:13:26 - [TEST_STEP][PASSED] - click: Object: 'Object Repository/Page_Guru TMDA (2)/div_predict-result' is clicked on

2560-10-19 16:13:26 - [MESSAGE][PASSED] - Object: 'Object Repository/Page_Guru TMDA (2)/div_predict-result' is clicked on

2560-10-19 16:13:26 - [TEST_STEP][NOT_RUN] - closeBrowser: NOT_RUN: closeBrowser

2560-10-19 16:13:26 - [MESSAGE][NOT_RUN] - NOT_RUN: closeBrowser]]></system-out>
         <system-err><![CDATA[]]></system-err>
      </testcase>
      <testcase name="Test Cases/Basic work/Upload File without labelling" classname="Test Cases/Basic work/Upload File without labelling" status="PASSED">
         <system-out><![CDATA[2560-10-19 16:13:26 - [TEST_CASE][PASSED] - Test Cases/Basic work/Upload File without labelling: Test Cases/Basic work/Upload File without labelling

2560-10-19 16:13:27 - [TEST_STEP][NOT_RUN] - openBrowser: NOT_RUN: openBrowser

2560-10-19 16:13:27 - [MESSAGE][NOT_RUN] - NOT_RUN: openBrowser

2560-10-19 16:13:27 - [TEST_STEP][NOT_RUN] - maximizeWindow: NOT_RUN: maximizeWindow

2560-10-19 16:13:27 - [MESSAGE][NOT_RUN] - NOT_RUN: maximizeWindow

2560-10-19 16:13:27 - [TEST_STEP][NOT_RUN] - navigateToUrl: NOT_RUN: navigateToUrl

2560-10-19 16:13:27 - [MESSAGE][NOT_RUN] - NOT_RUN: navigateToUrl

2560-10-19 16:13:27 - [TEST_STEP][NOT_RUN] - click: NOT_RUN: click

2560-10-19 16:13:27 - [MESSAGE][NOT_RUN] - NOT_RUN: click

2560-10-19 16:13:27 - [TEST_STEP][NOT_RUN] - setText: NOT_RUN: setText

2560-10-19 16:13:27 - [MESSAGE][NOT_RUN] - NOT_RUN: setText

2560-10-19 16:13:27 - [TEST_STEP][NOT_RUN] - setText: NOT_RUN: setText

2560-10-19 16:13:27 - [MESSAGE][NOT_RUN] - NOT_RUN: setText

2560-10-19 16:13:27 - [TEST_STEP][NOT_RUN] - click: NOT_RUN: click

2560-10-19 16:13:27 - [MESSAGE][NOT_RUN] - NOT_RUN: click

2560-10-19 16:13:27 - [TEST_STEP][PASSED] - click: Object: 'Object Repository/Page_Guru TMDA (3)/a_Text Prediction' is clicked on

2560-10-19 16:13:27 - [MESSAGE][PASSED] - Object: 'Object Repository/Page_Guru TMDA (3)/a_Text Prediction' is clicked on

2560-10-19 16:13:27 - [TEST_STEP][PASSED] - click: Object: 'Object Repository/Page_Guru TMDA (3)/a_Upload File' is clicked on

2560-10-19 16:13:27 - [MESSAGE][PASSED] - Object: 'Object Repository/Page_Guru TMDA (3)/a_Upload File' is clicked on

2560-10-19 16:13:27 - [TEST_STEP][PASSED] - uploadFile: File 'C:\test-Copy.xlsx' sent to object: 'Object Repository/Page_Guru TMDA (6)/Page_Guru TMDA (4)/input_upfile'

2560-10-19 16:13:27 - [MESSAGE][PASSED] - File 'C:\test-Copy.xlsx' sent to object: 'Object Repository/Page_Guru TMDA (6)/Page_Guru TMDA (4)/input_upfile'

2560-10-19 16:13:27 - [TEST_STEP][PASSED] - waitForElementClickable: Object 'Object Repository/Page_Guru TMDA (5)/button_Upload' is clickable

2560-10-19 16:13:28 - [MESSAGE][PASSED] - Object 'Object Repository/Page_Guru TMDA (5)/button_Upload' is clickable

2560-10-19 16:13:28 - [TEST_STEP][PASSED] - click: Object: 'Object Repository/Page_Guru TMDA (5)/button_Upload' is clicked on

2560-10-19 16:13:28 - [MESSAGE][PASSED] - Object: 'Object Repository/Page_Guru TMDA (5)/button_Upload' is clicked on

2560-10-19 16:13:28 - [TEST_STEP][PASSED] - waitForElementNotPresent: Web element with id: 'Object Repository/Page_Guru TMDA (6)/Page_Guru TMDA (5)/Page_Guru TMDA/div_progress-bar-zone' located by 'By.xpath: //div[count(. | /html[1]/body[1]/my-app[1]/app-multiple-verbatim[1]/div[@class="popup-zone"]/div[@class="progress-bar-zone"]) = count(/html[1]/body[1]/my-app[1]/app-multiple-verbatim[1]/div[@class="popup-zone"]/div[@class="progress-bar-zone"])]' is not present after '5' second(s)

2560-10-19 16:13:29 - [MESSAGE][PASSED] - Web element with id: 'Object Repository/Page_Guru TMDA (6)/Page_Guru TMDA (5)/Page_Guru TMDA/div_progress-bar-zone' located by 'By.xpath: //div[count(. | /html[1]/body[1]/my-app[1]/app-multiple-verbatim[1]/div[@class="popup-zone"]/div[@class="progress-bar-zone"]) = count(/html[1]/body[1]/my-app[1]/app-multiple-verbatim[1]/div[@class="popup-zone"]/div[@class="progress-bar-zone"])]' is not present after '5' second(s)

2560-10-19 16:13:29 - [TEST_STEP][PASSED] - click: Unable to click on object 'Object Repository/Upload file without Labeling/Uploading/button_ (1)' (Root cause: com.kms.katalon.core.webui.exception.WebElementNotFoundException: Web element with id: 'Object Repository/Upload file without Labeling/Uploading/button_ (1)' located by 'By.xpath: //button[count(. | /html[@class="swal2-shown"]/body[@class="swal2-shown"]/div[@class="swal2-container swal2-fade swal2-shown"]/div[@class="swal2-modal swal2-show"]/button[@class="swal2-close"]) = count(/html[@class="swal2-shown"]/body[@class="swal2-shown"]/div[@class="swal2-container swal2-fade swal2-shown"]/div[@class="swal2-modal swal2-show"]/button[@class="swal2-close"])][count(. | //*[contains(.,'×')]) = count(//*[contains(.,'×')])][count(. | //*[@type = 'button']) = count(//*[@type = 'button'])][count(. | //*[@class = 'swal2-close']) = count(//*[@class = 'swal2-close'])][count(. | //*[@aria-label = 'Close this dialog']) = count(//*[@aria-label = 'Close this dialog'])]' not found)

2560-10-19 16:14:00 - [MESSAGE][WARNING] - Unable to click on object 'Object Repository/Upload file without Labeling/Uploading/button_ (1)' (Root cause: com.kms.katalon.core.webui.exception.WebElementNotFoundException: Web element with id: 'Object Repository/Upload file without Labeling/Uploading/button_ (1)' located by 'By.xpath: //button[count(. | /html[@class="swal2-shown"]/body[@class="swal2-shown"]/div[@class="swal2-container swal2-fade swal2-shown"]/div[@class="swal2-modal swal2-show"]/button[@class="swal2-close"]) = count(/html[@class="swal2-shown"]/body[@class="swal2-shown"]/div[@class="swal2-container swal2-fade swal2-shown"]/div[@class="swal2-modal swal2-show"]/button[@class="swal2-close"])][count(. | //*[contains(.,'×')]) = count(//*[contains(.,'×')])][count(. | //*[@type = 'button']) = count(//*[@type = 'button'])][count(. | //*[@class = 'swal2-close']) = count(//*[@class = 'swal2-close'])][count(. | //*[@aria-label = 'Close this dialog']) = count(//*[@aria-label = 'Close this dialog'])]' not found)
[[ATTACHMENT|C:\\Users\\PIEW\\Katalon Studio\\GuruTMDA\\Reports\\Basic work\\25601019_161218\\1508404440466.png]]

2560-10-19 16:14:00 - [TEST_STEP][PASSED] - selectOptionByValue: All options with value '1: withLabel' are selected in object 'Object Repository/Page_Guru TMDA (5)/select_sheet'  using regular expression

2560-10-19 16:14:01 - [MESSAGE][PASSED] - All options with value '1: withLabel' are selected in object 'Object Repository/Page_Guru TMDA (5)/select_sheet'  using regular expression

2560-10-19 16:14:01 - [TEST_STEP][PASSED] - waitForElementPresent: Object 'Object Repository/Page_Guru TMDA (6)/Page_Guru TMDA (1)/div_w3-padding-32 w3-center' is present

2560-10-19 16:14:06 - [MESSAGE][PASSED] - Object 'Object Repository/Page_Guru TMDA (6)/Page_Guru TMDA (1)/div_w3-padding-32 w3-center' is present

2560-10-19 16:14:06 - [TEST_STEP][PASSED] - click: Object: 'Object Repository/Page_Guru TMDA (6)/Page_Guru TMDA (3)/button_' is clicked on

2560-10-19 16:14:06 - [MESSAGE][PASSED] - Object: 'Object Repository/Page_Guru TMDA (6)/Page_Guru TMDA (3)/button_' is clicked on

2560-10-19 16:14:06 - [TEST_STEP][PASSED] - waitForElementNotPresent: Web element with id: 'Object Repository/Page_Guru TMDA (6)/Page_Guru TMDA (1)/div_w3-padding-32 w3-center' located by 'By.xpath: //div[count(. | id("swal2-content")/div[@class="w3-padding-32 w3-center"]) = count(id("swal2-content")/div[@class="w3-padding-32 w3-center"])]' is not present after '5' second(s)

2560-10-19 16:14:06 - [MESSAGE][PASSED] - Web element with id: 'Object Repository/Page_Guru TMDA (6)/Page_Guru TMDA (1)/div_w3-padding-32 w3-center' located by 'By.xpath: //div[count(. | id("swal2-content")/div[@class="w3-padding-32 w3-center"]) = count(id("swal2-content")/div[@class="w3-padding-32 w3-center"])]' is not present after '5' second(s)

2560-10-19 16:14:06 - [TEST_STEP][PASSED] - waitForElementPresent: Object 'Object Repository/Page_Guru TMDA (6)/Page_Guru TMDA (2)/i_fa fa-check w3-text-green' is present

2560-10-19 16:14:07 - [MESSAGE][PASSED] - Object 'Object Repository/Page_Guru TMDA (6)/Page_Guru TMDA (2)/i_fa fa-check w3-text-green' is present

2560-10-19 16:14:07 - [TEST_STEP][PASSED] - scrollToElement: Scroll to object 'Object Repository/Page_Guru TMDA (16)/button_Start' successfully

2560-10-19 16:14:07 - [MESSAGE][PASSED] - Scroll to object 'Object Repository/Page_Guru TMDA (16)/button_Start' successfully

2560-10-19 16:14:07 - [TEST_STEP][PASSED] - click: Object: 'Object Repository/Page_Guru TMDA (5)/button_Start' is clicked on

2560-10-19 16:14:07 - [MESSAGE][PASSED] - Object: 'Object Repository/Page_Guru TMDA (5)/button_Start' is clicked on

2560-10-19 16:14:07 - [TEST_STEP][PASSED] - verifyElementPresent: Object 'Object Repository/Upload file without Labeling/list/div_row' is present

2560-10-19 16:14:19 - [MESSAGE][PASSED] - Object 'Object Repository/Upload file without Labeling/list/div_row' is present

2560-10-19 16:14:19 - [TEST_STEP][NOT_RUN] - closeBrowser: NOT_RUN: closeBrowser

2560-10-19 16:14:19 - [MESSAGE][NOT_RUN] - NOT_RUN: closeBrowser]]></system-out>
         <system-err><![CDATA[]]></system-err>
      </testcase>
      <testcase name="Test Cases/Basic work/Predicted Multiple Verbatim/Prediction in details Select All list" classname="Test Cases/Basic work/Predicted Multiple Verbatim/Prediction in details Select All list" status="PASSED">
         <system-out><![CDATA[2560-10-19 16:14:19 - [TEST_CASE][PASSED] - Test Cases/Basic work/Predicted Multiple Verbatim/Prediction in details Select All list: Test Cases/Basic work/Predicted Multiple Verbatim/Prediction in details Select All list

2560-10-19 16:14:19 - [TEST_STEP][NOT_RUN] - openBrowser: NOT_RUN: openBrowser

2560-10-19 16:14:19 - [MESSAGE][NOT_RUN] - NOT_RUN: openBrowser

2560-10-19 16:14:19 - [TEST_STEP][NOT_RUN] - maximizeWindow: NOT_RUN: maximizeWindow

2560-10-19 16:14:19 - [MESSAGE][NOT_RUN] - NOT_RUN: maximizeWindow

2560-10-19 16:14:19 - [TEST_STEP][NOT_RUN] - navigateToUrl: NOT_RUN: navigateToUrl

2560-10-19 16:14:19 - [MESSAGE][NOT_RUN] - NOT_RUN: navigateToUrl

2560-10-19 16:14:19 - [TEST_STEP][NOT_RUN] - click: NOT_RUN: click

2560-10-19 16:14:19 - [MESSAGE][NOT_RUN] - NOT_RUN: click

2560-10-19 16:14:19 - [TEST_STEP][NOT_RUN] - setText: NOT_RUN: setText

2560-10-19 16:14:19 - [MESSAGE][NOT_RUN] - NOT_RUN: setText

2560-10-19 16:14:19 - [TEST_STEP][NOT_RUN] - setText: NOT_RUN: setText

2560-10-19 16:14:19 - [MESSAGE][NOT_RUN] - NOT_RUN: setText

2560-10-19 16:14:19 - [TEST_STEP][NOT_RUN] - click: NOT_RUN: click

2560-10-19 16:14:19 - [MESSAGE][NOT_RUN] - NOT_RUN: click

2560-10-19 16:14:19 - [TEST_STEP][NOT_RUN] - click: NOT_RUN: click

2560-10-19 16:14:19 - [MESSAGE][NOT_RUN] - NOT_RUN: click

2560-10-19 16:14:19 - [TEST_STEP][NOT_RUN] - click: NOT_RUN: click

2560-10-19 16:14:19 - [MESSAGE][NOT_RUN] - NOT_RUN: click

2560-10-19 16:14:19 - [TEST_STEP][NOT_RUN] - uploadFile: NOT_RUN: uploadFile

2560-10-19 16:14:19 - [MESSAGE][NOT_RUN] - NOT_RUN: uploadFile

2560-10-19 16:14:19 - [TEST_STEP][NOT_RUN] - waitForElementClickable: NOT_RUN: waitForElementClickable

2560-10-19 16:14:19 - [MESSAGE][NOT_RUN] - NOT_RUN: waitForElementClickable

2560-10-19 16:14:19 - [TEST_STEP][NOT_RUN] - click: NOT_RUN: click

2560-10-19 16:14:19 - [MESSAGE][NOT_RUN] - NOT_RUN: click

2560-10-19 16:14:19 - [TEST_STEP][NOT_RUN] - waitForElementNotPresent: NOT_RUN: waitForElementNotPresent

2560-10-19 16:14:19 - [MESSAGE][NOT_RUN] - NOT_RUN: waitForElementNotPresent

2560-10-19 16:14:19 - [TEST_STEP][NOT_RUN] - selectOptionByValue: NOT_RUN: selectOptionByValue

2560-10-19 16:14:19 - [MESSAGE][NOT_RUN] - NOT_RUN: selectOptionByValue

2560-10-19 16:14:19 - [TEST_STEP][NOT_RUN] - check: NOT_RUN: check

2560-10-19 16:14:19 - [MESSAGE][NOT_RUN] - NOT_RUN: check

2560-10-19 16:14:19 - [TEST_STEP][NOT_RUN] - click: NOT_RUN: click

2560-10-19 16:14:19 - [MESSAGE][NOT_RUN] - NOT_RUN: click

2560-10-19 16:14:19 - [TEST_STEP][NOT_RUN] - waitForElementNotPresent: NOT_RUN: waitForElementNotPresent

2560-10-19 16:14:19 - [MESSAGE][NOT_RUN] - NOT_RUN: waitForElementNotPresent

2560-10-19 16:14:19 - [TEST_STEP][NOT_RUN] - check: NOT_RUN: check

2560-10-19 16:14:19 - [MESSAGE][NOT_RUN] - NOT_RUN: check

2560-10-19 16:14:19 - [TEST_STEP][NOT_RUN] - scrollToElement: NOT_RUN: scrollToElement

2560-10-19 16:14:19 - [MESSAGE][NOT_RUN] - NOT_RUN: scrollToElement

2560-10-19 16:14:19 - [TEST_STEP][NOT_RUN] - click: NOT_RUN: click

2560-10-19 16:14:19 - [MESSAGE][NOT_RUN] - NOT_RUN: click

2560-10-19 16:14:19 - [TEST_STEP][PASSED] - verifyElementPresent: Object 'Object Repository/Display Accessibility list/Page_Guru TMDA (2)/div_row' is present

2560-10-19 16:14:19 - [MESSAGE][PASSED] - Object 'Object Repository/Display Accessibility list/Page_Guru TMDA (2)/div_row' is present

2560-10-19 16:14:19 - [TEST_STEP][NOT_RUN] - closeBrowser: NOT_RUN: closeBrowser

2560-10-19 16:14:19 - [MESSAGE][NOT_RUN] - NOT_RUN: closeBrowser]]></system-out>
         <system-err><![CDATA[]]></system-err>
      </testcase>
      <testcase name="Test Cases/Basic work/Predicted Multiple Verbatim/Prediction in details display Acccessibility list" classname="Test Cases/Basic work/Predicted Multiple Verbatim/Prediction in details display Acccessibility list" status="PASSED">
         <system-out><![CDATA[2560-10-19 16:14:19 - [TEST_CASE][PASSED] - Test Cases/Basic work/Predicted Multiple Verbatim/Prediction in details display Acccessibility list: Test Cases/Basic work/Predicted Multiple Verbatim/Prediction in details display Acccessibility list

2560-10-19 16:14:20 - [TEST_STEP][NOT_RUN] - openBrowser: NOT_RUN: openBrowser

2560-10-19 16:14:20 - [MESSAGE][NOT_RUN] - NOT_RUN: openBrowser

2560-10-19 16:14:20 - [TEST_STEP][NOT_RUN] - maximizeWindow: NOT_RUN: maximizeWindow

2560-10-19 16:14:20 - [MESSAGE][NOT_RUN] - NOT_RUN: maximizeWindow

2560-10-19 16:14:20 - [TEST_STEP][NOT_RUN] - navigateToUrl: NOT_RUN: navigateToUrl

2560-10-19 16:14:20 - [MESSAGE][NOT_RUN] - NOT_RUN: navigateToUrl

2560-10-19 16:14:20 - [TEST_STEP][NOT_RUN] - click: NOT_RUN: click

2560-10-19 16:14:20 - [MESSAGE][NOT_RUN] - NOT_RUN: click

2560-10-19 16:14:20 - [TEST_STEP][NOT_RUN] - setText: NOT_RUN: setText

2560-10-19 16:14:20 - [MESSAGE][NOT_RUN] - NOT_RUN: setText

2560-10-19 16:14:20 - [TEST_STEP][NOT_RUN] - setText: NOT_RUN: setText

2560-10-19 16:14:20 - [MESSAGE][NOT_RUN] - NOT_RUN: setText

2560-10-19 16:14:20 - [TEST_STEP][NOT_RUN] - click: NOT_RUN: click

2560-10-19 16:14:20 - [MESSAGE][NOT_RUN] - NOT_RUN: click

2560-10-19 16:14:20 - [TEST_STEP][NOT_RUN] - click: NOT_RUN: click

2560-10-19 16:14:20 - [MESSAGE][NOT_RUN] - NOT_RUN: click

2560-10-19 16:14:20 - [TEST_STEP][NOT_RUN] - click: NOT_RUN: click

2560-10-19 16:14:20 - [MESSAGE][NOT_RUN] - NOT_RUN: click

2560-10-19 16:14:20 - [TEST_STEP][NOT_RUN] - uploadFile: NOT_RUN: uploadFile

2560-10-19 16:14:20 - [MESSAGE][NOT_RUN] - NOT_RUN: uploadFile

2560-10-19 16:14:20 - [TEST_STEP][NOT_RUN] - waitForElementClickable: NOT_RUN: waitForElementClickable

2560-10-19 16:14:20 - [MESSAGE][NOT_RUN] - NOT_RUN: waitForElementClickable

2560-10-19 16:14:20 - [TEST_STEP][NOT_RUN] - click: NOT_RUN: click

2560-10-19 16:14:20 - [MESSAGE][NOT_RUN] - NOT_RUN: click

2560-10-19 16:14:20 - [TEST_STEP][NOT_RUN] - waitForElementNotPresent: NOT_RUN: waitForElementNotPresent

2560-10-19 16:14:20 - [MESSAGE][NOT_RUN] - NOT_RUN: waitForElementNotPresent

2560-10-19 16:14:20 - [TEST_STEP][NOT_RUN] - selectOptionByValue: NOT_RUN: selectOptionByValue

2560-10-19 16:14:20 - [MESSAGE][NOT_RUN] - NOT_RUN: selectOptionByValue

2560-10-19 16:14:20 - [TEST_STEP][NOT_RUN] - check: NOT_RUN: check

2560-10-19 16:14:20 - [MESSAGE][NOT_RUN] - NOT_RUN: check

2560-10-19 16:14:20 - [TEST_STEP][NOT_RUN] - click: NOT_RUN: click

2560-10-19 16:14:20 - [MESSAGE][NOT_RUN] - NOT_RUN: click

2560-10-19 16:14:20 - [TEST_STEP][NOT_RUN] - waitForElementNotPresent: NOT_RUN: waitForElementNotPresent

2560-10-19 16:14:20 - [MESSAGE][NOT_RUN] - NOT_RUN: waitForElementNotPresent

2560-10-19 16:14:20 - [TEST_STEP][NOT_RUN] - check: NOT_RUN: check

2560-10-19 16:14:20 - [MESSAGE][NOT_RUN] - NOT_RUN: check

2560-10-19 16:14:20 - [TEST_STEP][NOT_RUN] - scrollToElement: NOT_RUN: scrollToElement

2560-10-19 16:14:20 - [MESSAGE][NOT_RUN] - NOT_RUN: scrollToElement

2560-10-19 16:14:20 - [TEST_STEP][NOT_RUN] - click: NOT_RUN: click

2560-10-19 16:14:20 - [MESSAGE][NOT_RUN] - NOT_RUN: click

2560-10-19 16:14:20 - [TEST_STEP][PASSED] - click: Object: 'Object Repository/Display select all list/Page_Guru TMDA (2)/label_Select All' is clicked on

2560-10-19 16:14:21 - [MESSAGE][PASSED] - Object: 'Object Repository/Display select all list/Page_Guru TMDA (2)/label_Select All' is clicked on

2560-10-19 16:14:21 - [TEST_STEP][PASSED] - check: Object 'Object Repository/Display Accessibility list/Page_Guru TMDA (3)/label_Accessibility' is checked

2560-10-19 16:14:21 - [MESSAGE][PASSED] - Object 'Object Repository/Display Accessibility list/Page_Guru TMDA (3)/label_Accessibility' is checked

2560-10-19 16:14:21 - [TEST_STEP][PASSED] - verifyElementPresent: Object 'Object Repository/Display Accessibility list/Page_Guru TMDA (2)/div_row' is present

2560-10-19 16:14:21 - [MESSAGE][PASSED] - Object 'Object Repository/Display Accessibility list/Page_Guru TMDA (2)/div_row' is present

2560-10-19 16:14:21 - [TEST_STEP][NOT_RUN] - closeBrowser: NOT_RUN: closeBrowser

2560-10-19 16:14:21 - [MESSAGE][NOT_RUN] - NOT_RUN: closeBrowser]]></system-out>
         <system-err><![CDATA[]]></system-err>
      </testcase>
      <testcase name="Test Cases/Basic work/Predicted Multiple Verbatim/Prediction in details display Company Brand list" classname="Test Cases/Basic work/Predicted Multiple Verbatim/Prediction in details display Company Brand list" status="FAILED">
         <failure type="FAILED" message="Unable to verify object 'Object Repository/Display Accessibility list/Page_Guru TMDA (2)/div_row' is present (Root cause: com.kms.katalon.core.webui.exception.WebElementNotFoundException: Web element with id: 'Object Repository/Display Accessibility list/Page_Guru TMDA (2)/div_row' located by 'By.xpath: //div[count(. | /html[1]/body[1]/my-app[1]/app-predicted-results[1]/div[@class=&quot;container-fluid&quot;]/div[@class=&quot;row centurygothic-font&quot;]/div[@class=&quot;col-xs-12 col-sm-8 col-md-8 col-lg-9&quot;]/div[2]/div[@class=&quot;row&quot;]) = count(/html[1]/body[1]/my-app[1]/app-predicted-results[1]/div[@class=&quot;container-fluid&quot;]/div[@class=&quot;row centurygothic-font&quot;]/div[@class=&quot;col-xs-12 col-sm-8 col-md-8 col-lg-9&quot;]/div[2]/div[@class=&quot;row&quot;])]' not found)"/>
         <system-out><![CDATA[2560-10-19 16:14:21 - [TEST_CASE][FAILED] - Test Cases/Basic work/Predicted Multiple Verbatim/Prediction in details display Company Brand list: Test Cases/Basic work/Predicted Multiple Verbatim/Prediction in details display Company Brand list FAILED because (of) Unable to verify object 'Object Repository/Display Accessibility list/Page_Guru TMDA (2)/div_row' is present (Root cause: com.kms.katalon.core.webui.exception.WebElementNotFoundException: Web element with id: 'Object Repository/Display Accessibility list/Page_Guru TMDA (2)/div_row' located by 'By.xpath: //div[count(. | /html[1]/body[1]/my-app[1]/app-predicted-results[1]/div[@class="container-fluid"]/div[@class="row centurygothic-font"]/div[@class="col-xs-12 col-sm-8 col-md-8 col-lg-9"]/div[2]/div[@class="row"]) = count(/html[1]/body[1]/my-app[1]/app-predicted-results[1]/div[@class="container-fluid"]/div[@class="row centurygothic-font"]/div[@class="col-xs-12 col-sm-8 col-md-8 col-lg-9"]/div[2]/div[@class="row"])]' not found)

2560-10-19 16:14:21 - [TEST_STEP][NOT_RUN] - openBrowser: NOT_RUN: openBrowser

2560-10-19 16:14:21 - [MESSAGE][NOT_RUN] - NOT_RUN: openBrowser

2560-10-19 16:14:21 - [TEST_STEP][NOT_RUN] - maximizeWindow: NOT_RUN: maximizeWindow

2560-10-19 16:14:21 - [MESSAGE][NOT_RUN] - NOT_RUN: maximizeWindow

2560-10-19 16:14:21 - [TEST_STEP][NOT_RUN] - navigateToUrl: NOT_RUN: navigateToUrl

2560-10-19 16:14:21 - [MESSAGE][NOT_RUN] - NOT_RUN: navigateToUrl

2560-10-19 16:14:21 - [TEST_STEP][NOT_RUN] - click: NOT_RUN: click

2560-10-19 16:14:21 - [MESSAGE][NOT_RUN] - NOT_RUN: click

2560-10-19 16:14:21 - [TEST_STEP][NOT_RUN] - setText: NOT_RUN: setText

2560-10-19 16:14:21 - [MESSAGE][NOT_RUN] - NOT_RUN: setText

2560-10-19 16:14:21 - [TEST_STEP][NOT_RUN] - setText: NOT_RUN: setText

2560-10-19 16:14:21 - [MESSAGE][NOT_RUN] - NOT_RUN: setText

2560-10-19 16:14:21 - [TEST_STEP][NOT_RUN] - click: NOT_RUN: click

2560-10-19 16:14:21 - [MESSAGE][NOT_RUN] - NOT_RUN: click

2560-10-19 16:14:21 - [TEST_STEP][NOT_RUN] - click: NOT_RUN: click

2560-10-19 16:14:21 - [MESSAGE][NOT_RUN] - NOT_RUN: click

2560-10-19 16:14:21 - [TEST_STEP][NOT_RUN] - click: NOT_RUN: click

2560-10-19 16:14:21 - [MESSAGE][NOT_RUN] - NOT_RUN: click

2560-10-19 16:14:21 - [TEST_STEP][NOT_RUN] - uploadFile: NOT_RUN: uploadFile

2560-10-19 16:14:21 - [MESSAGE][NOT_RUN] - NOT_RUN: uploadFile

2560-10-19 16:14:21 - [TEST_STEP][NOT_RUN] - waitForElementClickable: NOT_RUN: waitForElementClickable

2560-10-19 16:14:21 - [MESSAGE][NOT_RUN] - NOT_RUN: waitForElementClickable

2560-10-19 16:14:21 - [TEST_STEP][NOT_RUN] - click: NOT_RUN: click

2560-10-19 16:14:21 - [MESSAGE][NOT_RUN] - NOT_RUN: click

2560-10-19 16:14:21 - [TEST_STEP][NOT_RUN] - waitForElementNotPresent: NOT_RUN: waitForElementNotPresent

2560-10-19 16:14:21 - [MESSAGE][NOT_RUN] - NOT_RUN: waitForElementNotPresent

2560-10-19 16:14:21 - [TEST_STEP][NOT_RUN] - selectOptionByValue: NOT_RUN: selectOptionByValue

2560-10-19 16:14:21 - [MESSAGE][NOT_RUN] - NOT_RUN: selectOptionByValue

2560-10-19 16:14:21 - [TEST_STEP][NOT_RUN] - check: NOT_RUN: check

2560-10-19 16:14:21 - [MESSAGE][NOT_RUN] - NOT_RUN: check

2560-10-19 16:14:21 - [TEST_STEP][NOT_RUN] - click: NOT_RUN: click

2560-10-19 16:14:21 - [MESSAGE][NOT_RUN] - NOT_RUN: click

2560-10-19 16:14:21 - [TEST_STEP][NOT_RUN] - waitForElementNotPresent: NOT_RUN: waitForElementNotPresent

2560-10-19 16:14:21 - [MESSAGE][NOT_RUN] - NOT_RUN: waitForElementNotPresent

2560-10-19 16:14:21 - [TEST_STEP][NOT_RUN] - check: NOT_RUN: check

2560-10-19 16:14:21 - [MESSAGE][NOT_RUN] - NOT_RUN: check

2560-10-19 16:14:22 - [TEST_STEP][NOT_RUN] - scrollToElement: NOT_RUN: scrollToElement

2560-10-19 16:14:22 - [MESSAGE][NOT_RUN] - NOT_RUN: scrollToElement

2560-10-19 16:14:22 - [TEST_STEP][NOT_RUN] - click: NOT_RUN: click

2560-10-19 16:14:22 - [MESSAGE][NOT_RUN] - NOT_RUN: click

2560-10-19 16:14:22 - [TEST_STEP][NOT_RUN] - click: NOT_RUN: click

2560-10-19 16:14:22 - [MESSAGE][NOT_RUN] - NOT_RUN: click

2560-10-19 16:14:22 - [TEST_STEP][PASSED] - click: Object: 'Object Repository/Display select all list/Page_Guru TMDA (2)/label_Select All' is clicked on

2560-10-19 16:14:22 - [MESSAGE][PASSED] - Object: 'Object Repository/Display select all list/Page_Guru TMDA (2)/label_Select All' is clicked on

2560-10-19 16:14:22 - [TEST_STEP][PASSED] - click: Object: 'Object Repository/Display select all list/Page_Guru TMDA (2)/label_Select All' is clicked on

2560-10-19 16:14:22 - [MESSAGE][PASSED] - Object: 'Object Repository/Display select all list/Page_Guru TMDA (2)/label_Select All' is clicked on

2560-10-19 16:14:22 - [TEST_STEP][PASSED] - check: Object 'Object Repository/Display Company brand list/Page_Guru TMDA (1)/label_Company Brand' is checked

2560-10-19 16:14:23 - [MESSAGE][PASSED] - Object 'Object Repository/Display Company brand list/Page_Guru TMDA (1)/label_Company Brand' is checked

2560-10-19 16:14:23 - [TEST_STEP][FAILED] - verifyElementPresent: Unable to verify object 'Object Repository/Display Accessibility list/Page_Guru TMDA (2)/div_row' is present (Root cause: com.kms.katalon.core.webui.exception.WebElementNotFoundException: Web element with id: 'Object Repository/Display Accessibility list/Page_Guru TMDA (2)/div_row' located by 'By.xpath: //div[count(. | /html[1]/body[1]/my-app[1]/app-predicted-results[1]/div[@class="container-fluid"]/div[@class="row centurygothic-font"]/div[@class="col-xs-12 col-sm-8 col-md-8 col-lg-9"]/div[2]/div[@class="row"]) = count(/html[1]/body[1]/my-app[1]/app-predicted-results[1]/div[@class="container-fluid"]/div[@class="row centurygothic-font"]/div[@class="col-xs-12 col-sm-8 col-md-8 col-lg-9"]/div[2]/div[@class="row"])]' not found)

2560-10-19 16:14:26 - [MESSAGE][FAILED] - com.kms.katalon.core.webui.exception.WebElementNotFoundException: Web element with id: 'Object Repository/Display Accessibility list/Page_Guru TMDA (2)/div_row' located by 'By.xpath: //div[count(. | /html[1]/body[1]/my-app[1]/app-predicted-results[1]/div[@class="container-fluid"]/div[@class="row centurygothic-font"]/div[@class="col-xs-12 col-sm-8 col-md-8 col-lg-9"]/div[2]/div[@class="row"]) = count(/html[1]/body[1]/my-app[1]/app-predicted-results[1]/div[@class="container-fluid"]/div[@class="row centurygothic-font"]/div[@class="col-xs-12 col-sm-8 col-md-8 col-lg-9"]/div[2]/div[@class="row"])]' not found
[[ATTACHMENT|C:\\Users\\PIEW\\Katalon Studio\\GuruTMDA\\Reports\\Basic work\\25601019_161218\\1508404466160.png]]

2560-10-19 16:14:26 - [MESSAGE][FAILED] - Unable to verify object 'Object Repository/Display Accessibility list/Page_Guru TMDA (2)/div_row' is present (Root cause: com.kms.katalon.core.webui.exception.WebElementNotFoundException: Web element with id: 'Object Repository/Display Accessibility list/Page_Guru TMDA (2)/div_row' located by 'By.xpath: //div[count(. | /html[1]/body[1]/my-app[1]/app-predicted-results[1]/div[@class="container-fluid"]/div[@class="row centurygothic-font"]/div[@class="col-xs-12 col-sm-8 col-md-8 col-lg-9"]/div[2]/div[@class="row"]) = count(/html[1]/body[1]/my-app[1]/app-predicted-results[1]/div[@class="container-fluid"]/div[@class="row centurygothic-font"]/div[@class="col-xs-12 col-sm-8 col-md-8 col-lg-9"]/div[2]/div[@class="row"])]' not found)
[[ATTACHMENT|C:\\Users\\PIEW\\Katalon Studio\\GuruTMDA\\Reports\\Basic work\\25601019_161218\\1508404466492.png]]]]></system-out>
         <system-err><![CDATA[2560-10-19 16:14:21 - [TEST_CASE][FAILED] - Test Cases/Basic work/Predicted Multiple Verbatim/Prediction in details display Company Brand list: Test Cases/Basic work/Predicted Multiple Verbatim/Prediction in details display Company Brand list FAILED because (of) Unable to verify object 'Object Repository/Display Accessibility list/Page_Guru TMDA (2)/div_row' is present (Root cause: com.kms.katalon.core.webui.exception.WebElementNotFoundException: Web element with id: 'Object Repository/Display Accessibility list/Page_Guru TMDA (2)/div_row' located by 'By.xpath: //div[count(. | /html[1]/body[1]/my-app[1]/app-predicted-results[1]/div[@class="container-fluid"]/div[@class="row centurygothic-font"]/div[@class="col-xs-12 col-sm-8 col-md-8 col-lg-9"]/div[2]/div[@class="row"]) = count(/html[1]/body[1]/my-app[1]/app-predicted-results[1]/div[@class="container-fluid"]/div[@class="row centurygothic-font"]/div[@class="col-xs-12 col-sm-8 col-md-8 col-lg-9"]/div[2]/div[@class="row"])]' not found)]]></system-err>
      </testcase>
      <testcase name="Test Cases/Basic work/Predicted Multiple Verbatim/Prediction in details display Competitors list" classname="Test Cases/Basic work/Predicted Multiple Verbatim/Prediction in details display Competitors list" status="FAILED">
         <failure type="FAILED" message="Unable to verify object 'Object Repository/Display Accessibility list/Page_Guru TMDA (2)/div_row' is present (Root cause: com.kms.katalon.core.webui.exception.WebElementNotFoundException: Web element with id: 'Object Repository/Display Accessibility list/Page_Guru TMDA (2)/div_row' located by 'By.xpath: //div[count(. | /html[1]/body[1]/my-app[1]/app-predicted-results[1]/div[@class=&quot;container-fluid&quot;]/div[@class=&quot;row centurygothic-font&quot;]/div[@class=&quot;col-xs-12 col-sm-8 col-md-8 col-lg-9&quot;]/div[2]/div[@class=&quot;row&quot;]) = count(/html[1]/body[1]/my-app[1]/app-predicted-results[1]/div[@class=&quot;container-fluid&quot;]/div[@class=&quot;row centurygothic-font&quot;]/div[@class=&quot;col-xs-12 col-sm-8 col-md-8 col-lg-9&quot;]/div[2]/div[@class=&quot;row&quot;])]' not found)"/>
         <system-out><![CDATA[2560-10-19 16:14:26 - [TEST_CASE][FAILED] - Test Cases/Basic work/Predicted Multiple Verbatim/Prediction in details display Competitors list: Test Cases/Basic work/Predicted Multiple Verbatim/Prediction in details display Competitors list FAILED because (of) Unable to verify object 'Object Repository/Display Accessibility list/Page_Guru TMDA (2)/div_row' is present (Root cause: com.kms.katalon.core.webui.exception.WebElementNotFoundException: Web element with id: 'Object Repository/Display Accessibility list/Page_Guru TMDA (2)/div_row' located by 'By.xpath: //div[count(. | /html[1]/body[1]/my-app[1]/app-predicted-results[1]/div[@class="container-fluid"]/div[@class="row centurygothic-font"]/div[@class="col-xs-12 col-sm-8 col-md-8 col-lg-9"]/div[2]/div[@class="row"]) = count(/html[1]/body[1]/my-app[1]/app-predicted-results[1]/div[@class="container-fluid"]/div[@class="row centurygothic-font"]/div[@class="col-xs-12 col-sm-8 col-md-8 col-lg-9"]/div[2]/div[@class="row"])]' not found)

2560-10-19 16:14:27 - [TEST_STEP][NOT_RUN] - openBrowser: NOT_RUN: openBrowser

2560-10-19 16:14:27 - [MESSAGE][NOT_RUN] - NOT_RUN: openBrowser

2560-10-19 16:14:27 - [TEST_STEP][NOT_RUN] - maximizeWindow: NOT_RUN: maximizeWindow

2560-10-19 16:14:27 - [MESSAGE][NOT_RUN] - NOT_RUN: maximizeWindow

2560-10-19 16:14:27 - [TEST_STEP][NOT_RUN] - navigateToUrl: NOT_RUN: navigateToUrl

2560-10-19 16:14:27 - [MESSAGE][NOT_RUN] - NOT_RUN: navigateToUrl

2560-10-19 16:14:27 - [TEST_STEP][NOT_RUN] - click: NOT_RUN: click

2560-10-19 16:14:27 - [MESSAGE][NOT_RUN] - NOT_RUN: click

2560-10-19 16:14:27 - [TEST_STEP][NOT_RUN] - setText: NOT_RUN: setText

2560-10-19 16:14:27 - [MESSAGE][NOT_RUN] - NOT_RUN: setText

2560-10-19 16:14:27 - [TEST_STEP][NOT_RUN] - setText: NOT_RUN: setText

2560-10-19 16:14:27 - [MESSAGE][NOT_RUN] - NOT_RUN: setText

2560-10-19 16:14:27 - [TEST_STEP][NOT_RUN] - click: NOT_RUN: click

2560-10-19 16:14:27 - [MESSAGE][NOT_RUN] - NOT_RUN: click

2560-10-19 16:14:27 - [TEST_STEP][NOT_RUN] - click: NOT_RUN: click

2560-10-19 16:14:27 - [MESSAGE][NOT_RUN] - NOT_RUN: click

2560-10-19 16:14:27 - [TEST_STEP][NOT_RUN] - click: NOT_RUN: click

2560-10-19 16:14:27 - [MESSAGE][NOT_RUN] - NOT_RUN: click

2560-10-19 16:14:27 - [TEST_STEP][NOT_RUN] - uploadFile: NOT_RUN: uploadFile

2560-10-19 16:14:27 - [MESSAGE][NOT_RUN] - NOT_RUN: uploadFile

2560-10-19 16:14:27 - [TEST_STEP][NOT_RUN] - waitForElementClickable: NOT_RUN: waitForElementClickable

2560-10-19 16:14:27 - [MESSAGE][NOT_RUN] - NOT_RUN: waitForElementClickable

2560-10-19 16:14:27 - [TEST_STEP][NOT_RUN] - click: NOT_RUN: click

2560-10-19 16:14:27 - [MESSAGE][NOT_RUN] - NOT_RUN: click

2560-10-19 16:14:27 - [TEST_STEP][NOT_RUN] - waitForElementNotPresent: NOT_RUN: waitForElementNotPresent

2560-10-19 16:14:27 - [MESSAGE][NOT_RUN] - NOT_RUN: waitForElementNotPresent

2560-10-19 16:14:27 - [TEST_STEP][NOT_RUN] - selectOptionByValue: NOT_RUN: selectOptionByValue

2560-10-19 16:14:27 - [MESSAGE][NOT_RUN] - NOT_RUN: selectOptionByValue

2560-10-19 16:14:27 - [TEST_STEP][NOT_RUN] - check: NOT_RUN: check

2560-10-19 16:14:27 - [MESSAGE][NOT_RUN] - NOT_RUN: check

2560-10-19 16:14:27 - [TEST_STEP][NOT_RUN] - click: NOT_RUN: click

2560-10-19 16:14:27 - [MESSAGE][NOT_RUN] - NOT_RUN: click

2560-10-19 16:14:27 - [TEST_STEP][NOT_RUN] - waitForElementNotPresent: NOT_RUN: waitForElementNotPresent

2560-10-19 16:14:27 - [MESSAGE][NOT_RUN] - NOT_RUN: waitForElementNotPresent

2560-10-19 16:14:27 - [TEST_STEP][NOT_RUN] - check: NOT_RUN: check

2560-10-19 16:14:27 - [MESSAGE][NOT_RUN] - NOT_RUN: check

2560-10-19 16:14:27 - [TEST_STEP][NOT_RUN] - scrollToElement: NOT_RUN: scrollToElement

2560-10-19 16:14:27 - [MESSAGE][NOT_RUN] - NOT_RUN: scrollToElement

2560-10-19 16:14:27 - [TEST_STEP][NOT_RUN] - click: NOT_RUN: click

2560-10-19 16:14:27 - [MESSAGE][NOT_RUN] - NOT_RUN: click

2560-10-19 16:14:27 - [TEST_STEP][NOT_RUN] - click: NOT_RUN: click

2560-10-19 16:14:27 - [MESSAGE][NOT_RUN] - NOT_RUN: click

2560-10-19 16:14:27 - [TEST_STEP][PASSED] - click: Object: 'Object Repository/Display select all list/Page_Guru TMDA (2)/label_Select All' is clicked on

2560-10-19 16:14:27 - [MESSAGE][PASSED] - Object: 'Object Repository/Display select all list/Page_Guru TMDA (2)/label_Select All' is clicked on

2560-10-19 16:14:27 - [TEST_STEP][PASSED] - click: Object: 'Object Repository/Display select all list/Page_Guru TMDA (2)/label_Select All' is clicked on

2560-10-19 16:14:27 - [MESSAGE][PASSED] - Object: 'Object Repository/Display select all list/Page_Guru TMDA (2)/label_Select All' is clicked on

2560-10-19 16:14:27 - [TEST_STEP][PASSED] - check: Object 'Object Repository/Display Competitors list/label_Competitors' is checked

2560-10-19 16:14:27 - [MESSAGE][PASSED] - Object 'Object Repository/Display Competitors list/label_Competitors' is checked

2560-10-19 16:14:27 - [TEST_STEP][FAILED] - verifyElementPresent: Unable to verify object 'Object Repository/Display Accessibility list/Page_Guru TMDA (2)/div_row' is present (Root cause: com.kms.katalon.core.webui.exception.WebElementNotFoundException: Web element with id: 'Object Repository/Display Accessibility list/Page_Guru TMDA (2)/div_row' located by 'By.xpath: //div[count(. | /html[1]/body[1]/my-app[1]/app-predicted-results[1]/div[@class="container-fluid"]/div[@class="row centurygothic-font"]/div[@class="col-xs-12 col-sm-8 col-md-8 col-lg-9"]/div[2]/div[@class="row"]) = count(/html[1]/body[1]/my-app[1]/app-predicted-results[1]/div[@class="container-fluid"]/div[@class="row centurygothic-font"]/div[@class="col-xs-12 col-sm-8 col-md-8 col-lg-9"]/div[2]/div[@class="row"])]' not found)

2560-10-19 16:14:31 - [MESSAGE][FAILED] - com.kms.katalon.core.webui.exception.WebElementNotFoundException: Web element with id: 'Object Repository/Display Accessibility list/Page_Guru TMDA (2)/div_row' located by 'By.xpath: //div[count(. | /html[1]/body[1]/my-app[1]/app-predicted-results[1]/div[@class="container-fluid"]/div[@class="row centurygothic-font"]/div[@class="col-xs-12 col-sm-8 col-md-8 col-lg-9"]/div[2]/div[@class="row"]) = count(/html[1]/body[1]/my-app[1]/app-predicted-results[1]/div[@class="container-fluid"]/div[@class="row centurygothic-font"]/div[@class="col-xs-12 col-sm-8 col-md-8 col-lg-9"]/div[2]/div[@class="row"])]' not found
[[ATTACHMENT|C:\\Users\\PIEW\\Katalon Studio\\GuruTMDA\\Reports\\Basic work\\25601019_161218\\1508404471192.png]]

2560-10-19 16:14:31 - [MESSAGE][FAILED] - Unable to verify object 'Object Repository/Display Accessibility list/Page_Guru TMDA (2)/div_row' is present (Root cause: com.kms.katalon.core.webui.exception.WebElementNotFoundException: Web element with id: 'Object Repository/Display Accessibility list/Page_Guru TMDA (2)/div_row' located by 'By.xpath: //div[count(. | /html[1]/body[1]/my-app[1]/app-predicted-results[1]/div[@class="container-fluid"]/div[@class="row centurygothic-font"]/div[@class="col-xs-12 col-sm-8 col-md-8 col-lg-9"]/div[2]/div[@class="row"]) = count(/html[1]/body[1]/my-app[1]/app-predicted-results[1]/div[@class="container-fluid"]/div[@class="row centurygothic-font"]/div[@class="col-xs-12 col-sm-8 col-md-8 col-lg-9"]/div[2]/div[@class="row"])]' not found)
[[ATTACHMENT|C:\\Users\\PIEW\\Katalon Studio\\GuruTMDA\\Reports\\Basic work\\25601019_161218\\1508404471492.png]]]]></system-out>
         <system-err><![CDATA[2560-10-19 16:14:26 - [TEST_CASE][FAILED] - Test Cases/Basic work/Predicted Multiple Verbatim/Prediction in details display Competitors list: Test Cases/Basic work/Predicted Multiple Verbatim/Prediction in details display Competitors list FAILED because (of) Unable to verify object 'Object Repository/Display Accessibility list/Page_Guru TMDA (2)/div_row' is present (Root cause: com.kms.katalon.core.webui.exception.WebElementNotFoundException: Web element with id: 'Object Repository/Display Accessibility list/Page_Guru TMDA (2)/div_row' located by 'By.xpath: //div[count(. | /html[1]/body[1]/my-app[1]/app-predicted-results[1]/div[@class="container-fluid"]/div[@class="row centurygothic-font"]/div[@class="col-xs-12 col-sm-8 col-md-8 col-lg-9"]/div[2]/div[@class="row"]) = count(/html[1]/body[1]/my-app[1]/app-predicted-results[1]/div[@class="container-fluid"]/div[@class="row centurygothic-font"]/div[@class="col-xs-12 col-sm-8 col-md-8 col-lg-9"]/div[2]/div[@class="row"])]' not found)]]></system-err>
      </testcase>
      <testcase name="Test Cases/Basic work/Predicted Multiple Verbatim/Prediction in details display Private Reason list" classname="Test Cases/Basic work/Predicted Multiple Verbatim/Prediction in details display Private Reason list" status="PASSED">
         <system-out><![CDATA[2560-10-19 16:14:31 - [TEST_CASE][PASSED] - Test Cases/Basic work/Predicted Multiple Verbatim/Prediction in details display Private Reason list: Test Cases/Basic work/Predicted Multiple Verbatim/Prediction in details display Private Reason list

2560-10-19 16:14:32 - [TEST_STEP][NOT_RUN] - openBrowser: NOT_RUN: openBrowser

2560-10-19 16:14:32 - [MESSAGE][NOT_RUN] - NOT_RUN: openBrowser

2560-10-19 16:14:32 - [TEST_STEP][NOT_RUN] - maximizeWindow: NOT_RUN: maximizeWindow

2560-10-19 16:14:32 - [MESSAGE][NOT_RUN] - NOT_RUN: maximizeWindow

2560-10-19 16:14:32 - [TEST_STEP][NOT_RUN] - navigateToUrl: NOT_RUN: navigateToUrl

2560-10-19 16:14:32 - [MESSAGE][NOT_RUN] - NOT_RUN: navigateToUrl

2560-10-19 16:14:32 - [TEST_STEP][NOT_RUN] - click: NOT_RUN: click

2560-10-19 16:14:32 - [MESSAGE][NOT_RUN] - NOT_RUN: click

2560-10-19 16:14:32 - [TEST_STEP][NOT_RUN] - setText: NOT_RUN: setText

2560-10-19 16:14:32 - [MESSAGE][NOT_RUN] - NOT_RUN: setText

2560-10-19 16:14:32 - [TEST_STEP][NOT_RUN] - setText: NOT_RUN: setText

2560-10-19 16:14:32 - [MESSAGE][NOT_RUN] - NOT_RUN: setText

2560-10-19 16:14:32 - [TEST_STEP][NOT_RUN] - click: NOT_RUN: click

2560-10-19 16:14:32 - [MESSAGE][NOT_RUN] - NOT_RUN: click

2560-10-19 16:14:32 - [TEST_STEP][NOT_RUN] - click: NOT_RUN: click

2560-10-19 16:14:32 - [MESSAGE][NOT_RUN] - NOT_RUN: click

2560-10-19 16:14:32 - [TEST_STEP][NOT_RUN] - click: NOT_RUN: click

2560-10-19 16:14:32 - [MESSAGE][NOT_RUN] - NOT_RUN: click

2560-10-19 16:14:32 - [TEST_STEP][NOT_RUN] - uploadFile: NOT_RUN: uploadFile

2560-10-19 16:14:32 - [MESSAGE][NOT_RUN] - NOT_RUN: uploadFile

2560-10-19 16:14:32 - [TEST_STEP][NOT_RUN] - waitForElementClickable: NOT_RUN: waitForElementClickable

2560-10-19 16:14:32 - [MESSAGE][NOT_RUN] - NOT_RUN: waitForElementClickable

2560-10-19 16:14:32 - [TEST_STEP][NOT_RUN] - click: NOT_RUN: click

2560-10-19 16:14:32 - [MESSAGE][NOT_RUN] - NOT_RUN: click

2560-10-19 16:14:32 - [TEST_STEP][NOT_RUN] - waitForElementNotPresent: NOT_RUN: waitForElementNotPresent

2560-10-19 16:14:32 - [MESSAGE][NOT_RUN] - NOT_RUN: waitForElementNotPresent

2560-10-19 16:14:32 - [TEST_STEP][NOT_RUN] - selectOptionByValue: NOT_RUN: selectOptionByValue

2560-10-19 16:14:32 - [MESSAGE][NOT_RUN] - NOT_RUN: selectOptionByValue

2560-10-19 16:14:32 - [TEST_STEP][NOT_RUN] - check: NOT_RUN: check

2560-10-19 16:14:32 - [MESSAGE][NOT_RUN] - NOT_RUN: check

2560-10-19 16:14:32 - [TEST_STEP][NOT_RUN] - click: NOT_RUN: click

2560-10-19 16:14:32 - [MESSAGE][NOT_RUN] - NOT_RUN: click

2560-10-19 16:14:32 - [TEST_STEP][NOT_RUN] - waitForElementNotPresent: NOT_RUN: waitForElementNotPresent

2560-10-19 16:14:32 - [MESSAGE][NOT_RUN] - NOT_RUN: waitForElementNotPresent

2560-10-19 16:14:32 - [TEST_STEP][NOT_RUN] - check: NOT_RUN: check

2560-10-19 16:14:32 - [MESSAGE][NOT_RUN] - NOT_RUN: check

2560-10-19 16:14:32 - [TEST_STEP][NOT_RUN] - scrollToElement: NOT_RUN: scrollToElement

2560-10-19 16:14:32 - [MESSAGE][NOT_RUN] - NOT_RUN: scrollToElement

2560-10-19 16:14:32 - [TEST_STEP][NOT_RUN] - click: NOT_RUN: click

2560-10-19 16:14:32 - [MESSAGE][NOT_RUN] - NOT_RUN: click

2560-10-19 16:14:32 - [TEST_STEP][NOT_RUN] - click: NOT_RUN: click

2560-10-19 16:14:32 - [MESSAGE][NOT_RUN] - NOT_RUN: click

2560-10-19 16:14:32 - [TEST_STEP][PASSED] - click: Object: 'Object Repository/Display select all list/Page_Guru TMDA (2)/label_Select All' is clicked on

2560-10-19 16:14:32 - [MESSAGE][PASSED] - Object: 'Object Repository/Display select all list/Page_Guru TMDA (2)/label_Select All' is clicked on

2560-10-19 16:14:32 - [TEST_STEP][PASSED] - click: Object: 'Object Repository/Display select all list/Page_Guru TMDA (2)/label_Select All' is clicked on

2560-10-19 16:14:32 - [MESSAGE][PASSED] - Object: 'Object Repository/Display select all list/Page_Guru TMDA (2)/label_Select All' is clicked on

2560-10-19 16:14:32 - [TEST_STEP][PASSED] - check: Object 'Object Repository/Display Private reason list/label_Private Reason' is checked

2560-10-19 16:14:33 - [MESSAGE][PASSED] - Object 'Object Repository/Display Private reason list/label_Private Reason' is checked

2560-10-19 16:14:33 - [TEST_STEP][PASSED] - verifyElementPresent: Object 'Object Repository/Display Accessibility list/Page_Guru TMDA (2)/div_row' is present

2560-10-19 16:14:33 - [MESSAGE][PASSED] - Object 'Object Repository/Display Accessibility list/Page_Guru TMDA (2)/div_row' is present

2560-10-19 16:14:33 - [TEST_STEP][NOT_RUN] - closeBrowser: NOT_RUN: closeBrowser

2560-10-19 16:14:33 - [MESSAGE][NOT_RUN] - NOT_RUN: closeBrowser]]></system-out>
         <system-err><![CDATA[]]></system-err>
      </testcase>
      <testcase name="Test Cases/Basic work/Predicted Multiple Verbatim/Prediction in details display Process list" classname="Test Cases/Basic work/Predicted Multiple Verbatim/Prediction in details display Process list" status="FAILED">
         <failure type="FAILED" message="Unable to verify object 'Object Repository/Display Accessibility list/Page_Guru TMDA (2)/div_row' is present (Root cause: com.kms.katalon.core.webui.exception.WebElementNotFoundException: Web element with id: 'Object Repository/Display Accessibility list/Page_Guru TMDA (2)/div_row' located by 'By.xpath: //div[count(. | /html[1]/body[1]/my-app[1]/app-predicted-results[1]/div[@class=&quot;container-fluid&quot;]/div[@class=&quot;row centurygothic-font&quot;]/div[@class=&quot;col-xs-12 col-sm-8 col-md-8 col-lg-9&quot;]/div[2]/div[@class=&quot;row&quot;]) = count(/html[1]/body[1]/my-app[1]/app-predicted-results[1]/div[@class=&quot;container-fluid&quot;]/div[@class=&quot;row centurygothic-font&quot;]/div[@class=&quot;col-xs-12 col-sm-8 col-md-8 col-lg-9&quot;]/div[2]/div[@class=&quot;row&quot;])]' not found)"/>
         <system-out><![CDATA[2560-10-19 16:14:33 - [TEST_CASE][FAILED] - Test Cases/Basic work/Predicted Multiple Verbatim/Prediction in details display Process list: Test Cases/Basic work/Predicted Multiple Verbatim/Prediction in details display Process list FAILED because (of) Unable to verify object 'Object Repository/Display Accessibility list/Page_Guru TMDA (2)/div_row' is present (Root cause: com.kms.katalon.core.webui.exception.WebElementNotFoundException: Web element with id: 'Object Repository/Display Accessibility list/Page_Guru TMDA (2)/div_row' located by 'By.xpath: //div[count(. | /html[1]/body[1]/my-app[1]/app-predicted-results[1]/div[@class="container-fluid"]/div[@class="row centurygothic-font"]/div[@class="col-xs-12 col-sm-8 col-md-8 col-lg-9"]/div[2]/div[@class="row"]) = count(/html[1]/body[1]/my-app[1]/app-predicted-results[1]/div[@class="container-fluid"]/div[@class="row centurygothic-font"]/div[@class="col-xs-12 col-sm-8 col-md-8 col-lg-9"]/div[2]/div[@class="row"])]' not found)

2560-10-19 16:14:33 - [TEST_STEP][NOT_RUN] - openBrowser: NOT_RUN: openBrowser

2560-10-19 16:14:33 - [MESSAGE][NOT_RUN] - NOT_RUN: openBrowser

2560-10-19 16:14:33 - [TEST_STEP][NOT_RUN] - maximizeWindow: NOT_RUN: maximizeWindow

2560-10-19 16:14:33 - [MESSAGE][NOT_RUN] - NOT_RUN: maximizeWindow

2560-10-19 16:14:33 - [TEST_STEP][NOT_RUN] - navigateToUrl: NOT_RUN: navigateToUrl

2560-10-19 16:14:33 - [MESSAGE][NOT_RUN] - NOT_RUN: navigateToUrl

2560-10-19 16:14:33 - [TEST_STEP][NOT_RUN] - click: NOT_RUN: click

2560-10-19 16:14:33 - [MESSAGE][NOT_RUN] - NOT_RUN: click

2560-10-19 16:14:33 - [TEST_STEP][NOT_RUN] - setText: NOT_RUN: setText

2560-10-19 16:14:33 - [MESSAGE][NOT_RUN] - NOT_RUN: setText

2560-10-19 16:14:33 - [TEST_STEP][NOT_RUN] - setText: NOT_RUN: setText

2560-10-19 16:14:33 - [MESSAGE][NOT_RUN] - NOT_RUN: setText

2560-10-19 16:14:33 - [TEST_STEP][NOT_RUN] - click: NOT_RUN: click

2560-10-19 16:14:33 - [MESSAGE][NOT_RUN] - NOT_RUN: click

2560-10-19 16:14:33 - [TEST_STEP][NOT_RUN] - click: NOT_RUN: click

2560-10-19 16:14:33 - [MESSAGE][NOT_RUN] - NOT_RUN: click

2560-10-19 16:14:33 - [TEST_STEP][NOT_RUN] - click: NOT_RUN: click

2560-10-19 16:14:33 - [MESSAGE][NOT_RUN] - NOT_RUN: click

2560-10-19 16:14:33 - [TEST_STEP][NOT_RUN] - uploadFile: NOT_RUN: uploadFile

2560-10-19 16:14:33 - [MESSAGE][NOT_RUN] - NOT_RUN: uploadFile

2560-10-19 16:14:33 - [TEST_STEP][NOT_RUN] - waitForElementClickable: NOT_RUN: waitForElementClickable

2560-10-19 16:14:33 - [MESSAGE][NOT_RUN] - NOT_RUN: waitForElementClickable

2560-10-19 16:14:33 - [TEST_STEP][NOT_RUN] - click: NOT_RUN: click

2560-10-19 16:14:33 - [MESSAGE][NOT_RUN] - NOT_RUN: click

2560-10-19 16:14:33 - [TEST_STEP][NOT_RUN] - waitForElementNotPresent: NOT_RUN: waitForElementNotPresent

2560-10-19 16:14:33 - [MESSAGE][NOT_RUN] - NOT_RUN: waitForElementNotPresent

2560-10-19 16:14:33 - [TEST_STEP][NOT_RUN] - selectOptionByValue: NOT_RUN: selectOptionByValue

2560-10-19 16:14:33 - [MESSAGE][NOT_RUN] - NOT_RUN: selectOptionByValue

2560-10-19 16:14:33 - [TEST_STEP][NOT_RUN] - check: NOT_RUN: check

2560-10-19 16:14:33 - [MESSAGE][NOT_RUN] - NOT_RUN: check

2560-10-19 16:14:33 - [TEST_STEP][NOT_RUN] - click: NOT_RUN: click

2560-10-19 16:14:33 - [MESSAGE][NOT_RUN] - NOT_RUN: click

2560-10-19 16:14:34 - [TEST_STEP][NOT_RUN] - waitForElementNotPresent: NOT_RUN: waitForElementNotPresent

2560-10-19 16:14:34 - [MESSAGE][NOT_RUN] - NOT_RUN: waitForElementNotPresent

2560-10-19 16:14:34 - [TEST_STEP][NOT_RUN] - check: NOT_RUN: check

2560-10-19 16:14:34 - [MESSAGE][NOT_RUN] - NOT_RUN: check

2560-10-19 16:14:34 - [TEST_STEP][NOT_RUN] - scrollToElement: NOT_RUN: scrollToElement

2560-10-19 16:14:34 - [MESSAGE][NOT_RUN] - NOT_RUN: scrollToElement

2560-10-19 16:14:34 - [TEST_STEP][NOT_RUN] - click: NOT_RUN: click

2560-10-19 16:14:34 - [MESSAGE][NOT_RUN] - NOT_RUN: click

2560-10-19 16:14:34 - [TEST_STEP][NOT_RUN] - click: NOT_RUN: click

2560-10-19 16:14:34 - [MESSAGE][NOT_RUN] - NOT_RUN: click

2560-10-19 16:14:34 - [TEST_STEP][PASSED] - click: Object: 'Object Repository/Display select all list/Page_Guru TMDA (2)/label_Select All' is clicked on

2560-10-19 16:14:34 - [MESSAGE][PASSED] - Object: 'Object Repository/Display select all list/Page_Guru TMDA (2)/label_Select All' is clicked on

2560-10-19 16:14:34 - [TEST_STEP][PASSED] - click: Object: 'Object Repository/Display select all list/Page_Guru TMDA (2)/label_Select All' is clicked on

2560-10-19 16:14:35 - [MESSAGE][PASSED] - Object: 'Object Repository/Display select all list/Page_Guru TMDA (2)/label_Select All' is clicked on

2560-10-19 16:14:35 - [TEST_STEP][PASSED] - check: Object 'Object Repository/Display Process list/label_Process' is checked

2560-10-19 16:14:35 - [MESSAGE][PASSED] - Object 'Object Repository/Display Process list/label_Process' is checked

2560-10-19 16:14:35 - [TEST_STEP][FAILED] - verifyElementPresent: Unable to verify object 'Object Repository/Display Accessibility list/Page_Guru TMDA (2)/div_row' is present (Root cause: com.kms.katalon.core.webui.exception.WebElementNotFoundException: Web element with id: 'Object Repository/Display Accessibility list/Page_Guru TMDA (2)/div_row' located by 'By.xpath: //div[count(. | /html[1]/body[1]/my-app[1]/app-predicted-results[1]/div[@class="container-fluid"]/div[@class="row centurygothic-font"]/div[@class="col-xs-12 col-sm-8 col-md-8 col-lg-9"]/div[2]/div[@class="row"]) = count(/html[1]/body[1]/my-app[1]/app-predicted-results[1]/div[@class="container-fluid"]/div[@class="row centurygothic-font"]/div[@class="col-xs-12 col-sm-8 col-md-8 col-lg-9"]/div[2]/div[@class="row"])]' not found)

2560-10-19 16:14:39 - [MESSAGE][FAILED] - com.kms.katalon.core.webui.exception.WebElementNotFoundException: Web element with id: 'Object Repository/Display Accessibility list/Page_Guru TMDA (2)/div_row' located by 'By.xpath: //div[count(. | /html[1]/body[1]/my-app[1]/app-predicted-results[1]/div[@class="container-fluid"]/div[@class="row centurygothic-font"]/div[@class="col-xs-12 col-sm-8 col-md-8 col-lg-9"]/div[2]/div[@class="row"]) = count(/html[1]/body[1]/my-app[1]/app-predicted-results[1]/div[@class="container-fluid"]/div[@class="row centurygothic-font"]/div[@class="col-xs-12 col-sm-8 col-md-8 col-lg-9"]/div[2]/div[@class="row"])]' not found
[[ATTACHMENT|C:\\Users\\PIEW\\Katalon Studio\\GuruTMDA\\Reports\\Basic work\\25601019_161218\\1508404478822.png]]

2560-10-19 16:14:39 - [MESSAGE][FAILED] - Unable to verify object 'Object Repository/Display Accessibility list/Page_Guru TMDA (2)/div_row' is present (Root cause: com.kms.katalon.core.webui.exception.WebElementNotFoundException: Web element with id: 'Object Repository/Display Accessibility list/Page_Guru TMDA (2)/div_row' located by 'By.xpath: //div[count(. | /html[1]/body[1]/my-app[1]/app-predicted-results[1]/div[@class="container-fluid"]/div[@class="row centurygothic-font"]/div[@class="col-xs-12 col-sm-8 col-md-8 col-lg-9"]/div[2]/div[@class="row"]) = count(/html[1]/body[1]/my-app[1]/app-predicted-results[1]/div[@class="container-fluid"]/div[@class="row centurygothic-font"]/div[@class="col-xs-12 col-sm-8 col-md-8 col-lg-9"]/div[2]/div[@class="row"])]' not found)
[[ATTACHMENT|C:\\Users\\PIEW\\Katalon Studio\\GuruTMDA\\Reports\\Basic work\\25601019_161218\\1508404479130.png]]]]></system-out>
         <system-err><![CDATA[2560-10-19 16:14:33 - [TEST_CASE][FAILED] - Test Cases/Basic work/Predicted Multiple Verbatim/Prediction in details display Process list: Test Cases/Basic work/Predicted Multiple Verbatim/Prediction in details display Process list FAILED because (of) Unable to verify object 'Object Repository/Display Accessibility list/Page_Guru TMDA (2)/div_row' is present (Root cause: com.kms.katalon.core.webui.exception.WebElementNotFoundException: Web element with id: 'Object Repository/Display Accessibility list/Page_Guru TMDA (2)/div_row' located by 'By.xpath: //div[count(. | /html[1]/body[1]/my-app[1]/app-predicted-results[1]/div[@class="container-fluid"]/div[@class="row centurygothic-font"]/div[@class="col-xs-12 col-sm-8 col-md-8 col-lg-9"]/div[2]/div[@class="row"]) = count(/html[1]/body[1]/my-app[1]/app-predicted-results[1]/div[@class="container-fluid"]/div[@class="row centurygothic-font"]/div[@class="col-xs-12 col-sm-8 col-md-8 col-lg-9"]/div[2]/div[@class="row"])]' not found)]]></system-err>
      </testcase>
      <testcase name="Test Cases/Basic work/Predicted Multiple Verbatim/Prediction in details display Product Feature list" classname="Test Cases/Basic work/Predicted Multiple Verbatim/Prediction in details display Product Feature list" status="FAILED">
         <failure type="FAILED" message="Unable to verify object 'Object Repository/Display Accessibility list/Page_Guru TMDA (2)/div_row' is present (Root cause: com.kms.katalon.core.webui.exception.WebElementNotFoundException: Web element with id: 'Object Repository/Display Accessibility list/Page_Guru TMDA (2)/div_row' located by 'By.xpath: //div[count(. | /html[1]/body[1]/my-app[1]/app-predicted-results[1]/div[@class=&quot;container-fluid&quot;]/div[@class=&quot;row centurygothic-font&quot;]/div[@class=&quot;col-xs-12 col-sm-8 col-md-8 col-lg-9&quot;]/div[2]/div[@class=&quot;row&quot;]) = count(/html[1]/body[1]/my-app[1]/app-predicted-results[1]/div[@class=&quot;container-fluid&quot;]/div[@class=&quot;row centurygothic-font&quot;]/div[@class=&quot;col-xs-12 col-sm-8 col-md-8 col-lg-9&quot;]/div[2]/div[@class=&quot;row&quot;])]' not found)"/>
         <system-out><![CDATA[2560-10-19 16:14:39 - [TEST_CASE][FAILED] - Test Cases/Basic work/Predicted Multiple Verbatim/Prediction in details display Product Feature list: Test Cases/Basic work/Predicted Multiple Verbatim/Prediction in details display Product Feature list FAILED because (of) Unable to verify object 'Object Repository/Display Accessibility list/Page_Guru TMDA (2)/div_row' is present (Root cause: com.kms.katalon.core.webui.exception.WebElementNotFoundException: Web element with id: 'Object Repository/Display Accessibility list/Page_Guru TMDA (2)/div_row' located by 'By.xpath: //div[count(. | /html[1]/body[1]/my-app[1]/app-predicted-results[1]/div[@class="container-fluid"]/div[@class="row centurygothic-font"]/div[@class="col-xs-12 col-sm-8 col-md-8 col-lg-9"]/div[2]/div[@class="row"]) = count(/html[1]/body[1]/my-app[1]/app-predicted-results[1]/div[@class="container-fluid"]/div[@class="row centurygothic-font"]/div[@class="col-xs-12 col-sm-8 col-md-8 col-lg-9"]/div[2]/div[@class="row"])]' not found)

2560-10-19 16:14:39 - [TEST_STEP][NOT_RUN] - openBrowser: NOT_RUN: openBrowser

2560-10-19 16:14:39 - [MESSAGE][NOT_RUN] - NOT_RUN: openBrowser

2560-10-19 16:14:39 - [TEST_STEP][NOT_RUN] - maximizeWindow: NOT_RUN: maximizeWindow

2560-10-19 16:14:39 - [MESSAGE][NOT_RUN] - NOT_RUN: maximizeWindow

2560-10-19 16:14:39 - [TEST_STEP][NOT_RUN] - navigateToUrl: NOT_RUN: navigateToUrl

2560-10-19 16:14:39 - [MESSAGE][NOT_RUN] - NOT_RUN: navigateToUrl

2560-10-19 16:14:39 - [TEST_STEP][NOT_RUN] - click: NOT_RUN: click

2560-10-19 16:14:39 - [MESSAGE][NOT_RUN] - NOT_RUN: click

2560-10-19 16:14:39 - [TEST_STEP][NOT_RUN] - setText: NOT_RUN: setText

2560-10-19 16:14:39 - [MESSAGE][NOT_RUN] - NOT_RUN: setText

2560-10-19 16:14:39 - [TEST_STEP][NOT_RUN] - setText: NOT_RUN: setText

2560-10-19 16:14:39 - [MESSAGE][NOT_RUN] - NOT_RUN: setText

2560-10-19 16:14:39 - [TEST_STEP][NOT_RUN] - click: NOT_RUN: click

2560-10-19 16:14:39 - [MESSAGE][NOT_RUN] - NOT_RUN: click

2560-10-19 16:14:39 - [TEST_STEP][NOT_RUN] - click: NOT_RUN: click

2560-10-19 16:14:39 - [MESSAGE][NOT_RUN] - NOT_RUN: click

2560-10-19 16:14:39 - [TEST_STEP][NOT_RUN] - click: NOT_RUN: click

2560-10-19 16:14:39 - [MESSAGE][NOT_RUN] - NOT_RUN: click

2560-10-19 16:14:39 - [TEST_STEP][NOT_RUN] - uploadFile: NOT_RUN: uploadFile

2560-10-19 16:14:39 - [MESSAGE][NOT_RUN] - NOT_RUN: uploadFile

2560-10-19 16:14:39 - [TEST_STEP][NOT_RUN] - waitForElementClickable: NOT_RUN: waitForElementClickable

2560-10-19 16:14:39 - [MESSAGE][NOT_RUN] - NOT_RUN: waitForElementClickable

2560-10-19 16:14:39 - [TEST_STEP][NOT_RUN] - click: NOT_RUN: click

2560-10-19 16:14:39 - [MESSAGE][NOT_RUN] - NOT_RUN: click

2560-10-19 16:14:39 - [TEST_STEP][NOT_RUN] - waitForElementNotPresent: NOT_RUN: waitForElementNotPresent

2560-10-19 16:14:39 - [MESSAGE][NOT_RUN] - NOT_RUN: waitForElementNotPresent

2560-10-19 16:14:39 - [TEST_STEP][NOT_RUN] - selectOptionByValue: NOT_RUN: selectOptionByValue

2560-10-19 16:14:39 - [MESSAGE][NOT_RUN] - NOT_RUN: selectOptionByValue

2560-10-19 16:14:39 - [TEST_STEP][NOT_RUN] - check: NOT_RUN: check

2560-10-19 16:14:39 - [MESSAGE][NOT_RUN] - NOT_RUN: check

2560-10-19 16:14:39 - [TEST_STEP][NOT_RUN] - click: NOT_RUN: click

2560-10-19 16:14:39 - [MESSAGE][NOT_RUN] - NOT_RUN: click

2560-10-19 16:14:39 - [TEST_STEP][NOT_RUN] - waitForElementNotPresent: NOT_RUN: waitForElementNotPresent

2560-10-19 16:14:39 - [MESSAGE][NOT_RUN] - NOT_RUN: waitForElementNotPresent

2560-10-19 16:14:39 - [TEST_STEP][NOT_RUN] - check: NOT_RUN: check

2560-10-19 16:14:39 - [MESSAGE][NOT_RUN] - NOT_RUN: check

2560-10-19 16:14:39 - [TEST_STEP][NOT_RUN] - scrollToElement: NOT_RUN: scrollToElement

2560-10-19 16:14:39 - [MESSAGE][NOT_RUN] - NOT_RUN: scrollToElement

2560-10-19 16:14:39 - [TEST_STEP][NOT_RUN] - click: NOT_RUN: click

2560-10-19 16:14:39 - [MESSAGE][NOT_RUN] - NOT_RUN: click

2560-10-19 16:14:39 - [TEST_STEP][NOT_RUN] - click: NOT_RUN: click

2560-10-19 16:14:39 - [MESSAGE][NOT_RUN] - NOT_RUN: click

2560-10-19 16:14:39 - [TEST_STEP][PASSED] - click: Object: 'Object Repository/Display select all list/Page_Guru TMDA (2)/label_Select All' is clicked on

2560-10-19 16:14:40 - [MESSAGE][PASSED] - Object: 'Object Repository/Display select all list/Page_Guru TMDA (2)/label_Select All' is clicked on

2560-10-19 16:14:40 - [TEST_STEP][PASSED] - click: Object: 'Object Repository/Display select all list/Page_Guru TMDA (2)/label_Select All' is clicked on

2560-10-19 16:14:40 - [MESSAGE][PASSED] - Object: 'Object Repository/Display select all list/Page_Guru TMDA (2)/label_Select All' is clicked on

2560-10-19 16:14:40 - [TEST_STEP][PASSED] - check: Object 'Object Repository/Display product feature list/label_Product Feature' is checked

2560-10-19 16:14:40 - [MESSAGE][PASSED] - Object 'Object Repository/Display product feature list/label_Product Feature' is checked

2560-10-19 16:14:41 - [TEST_STEP][FAILED] - verifyElementPresent: Unable to verify object 'Object Repository/Display Accessibility list/Page_Guru TMDA (2)/div_row' is present (Root cause: com.kms.katalon.core.webui.exception.WebElementNotFoundException: Web element with id: 'Object Repository/Display Accessibility list/Page_Guru TMDA (2)/div_row' located by 'By.xpath: //div[count(. | /html[1]/body[1]/my-app[1]/app-predicted-results[1]/div[@class="container-fluid"]/div[@class="row centurygothic-font"]/div[@class="col-xs-12 col-sm-8 col-md-8 col-lg-9"]/div[2]/div[@class="row"]) = count(/html[1]/body[1]/my-app[1]/app-predicted-results[1]/div[@class="container-fluid"]/div[@class="row centurygothic-font"]/div[@class="col-xs-12 col-sm-8 col-md-8 col-lg-9"]/div[2]/div[@class="row"])]' not found)

2560-10-19 16:14:44 - [MESSAGE][FAILED] - com.kms.katalon.core.webui.exception.WebElementNotFoundException: Web element with id: 'Object Repository/Display Accessibility list/Page_Guru TMDA (2)/div_row' located by 'By.xpath: //div[count(. | /html[1]/body[1]/my-app[1]/app-predicted-results[1]/div[@class="container-fluid"]/div[@class="row centurygothic-font"]/div[@class="col-xs-12 col-sm-8 col-md-8 col-lg-9"]/div[2]/div[@class="row"]) = count(/html[1]/body[1]/my-app[1]/app-predicted-results[1]/div[@class="container-fluid"]/div[@class="row centurygothic-font"]/div[@class="col-xs-12 col-sm-8 col-md-8 col-lg-9"]/div[2]/div[@class="row"])]' not found
[[ATTACHMENT|C:\\Users\\PIEW\\Katalon Studio\\GuruTMDA\\Reports\\Basic work\\25601019_161218\\1508404484332.png]]

2560-10-19 16:14:44 - [MESSAGE][FAILED] - Unable to verify object 'Object Repository/Display Accessibility list/Page_Guru TMDA (2)/div_row' is present (Root cause: com.kms.katalon.core.webui.exception.WebElementNotFoundException: Web element with id: 'Object Repository/Display Accessibility list/Page_Guru TMDA (2)/div_row' located by 'By.xpath: //div[count(. | /html[1]/body[1]/my-app[1]/app-predicted-results[1]/div[@class="container-fluid"]/div[@class="row centurygothic-font"]/div[@class="col-xs-12 col-sm-8 col-md-8 col-lg-9"]/div[2]/div[@class="row"]) = count(/html[1]/body[1]/my-app[1]/app-predicted-results[1]/div[@class="container-fluid"]/div[@class="row centurygothic-font"]/div[@class="col-xs-12 col-sm-8 col-md-8 col-lg-9"]/div[2]/div[@class="row"])]' not found)
[[ATTACHMENT|C:\\Users\\PIEW\\Katalon Studio\\GuruTMDA\\Reports\\Basic work\\25601019_161218\\1508404484635.png]]]]></system-out>
         <system-err><![CDATA[2560-10-19 16:14:39 - [TEST_CASE][FAILED] - Test Cases/Basic work/Predicted Multiple Verbatim/Prediction in details display Product Feature list: Test Cases/Basic work/Predicted Multiple Verbatim/Prediction in details display Product Feature list FAILED because (of) Unable to verify object 'Object Repository/Display Accessibility list/Page_Guru TMDA (2)/div_row' is present (Root cause: com.kms.katalon.core.webui.exception.WebElementNotFoundException: Web element with id: 'Object Repository/Display Accessibility list/Page_Guru TMDA (2)/div_row' located by 'By.xpath: //div[count(. | /html[1]/body[1]/my-app[1]/app-predicted-results[1]/div[@class="container-fluid"]/div[@class="row centurygothic-font"]/div[@class="col-xs-12 col-sm-8 col-md-8 col-lg-9"]/div[2]/div[@class="row"]) = count(/html[1]/body[1]/my-app[1]/app-predicted-results[1]/div[@class="container-fluid"]/div[@class="row centurygothic-font"]/div[@class="col-xs-12 col-sm-8 col-md-8 col-lg-9"]/div[2]/div[@class="row"])]' not found)]]></system-err>
      </testcase>
      <testcase name="Test Cases/Basic work/Predicted Multiple Verbatim/Prediction in details display Staff Quality list" classname="Test Cases/Basic work/Predicted Multiple Verbatim/Prediction in details display Staff Quality list" status="PASSED">
         <system-out><![CDATA[2560-10-19 16:14:45 - [TEST_CASE][PASSED] - Test Cases/Basic work/Predicted Multiple Verbatim/Prediction in details display Staff Quality list: Test Cases/Basic work/Predicted Multiple Verbatim/Prediction in details display Staff Quality list

2560-10-19 16:14:45 - [TEST_STEP][NOT_RUN] - openBrowser: NOT_RUN: openBrowser

2560-10-19 16:14:45 - [MESSAGE][NOT_RUN] - NOT_RUN: openBrowser

2560-10-19 16:14:45 - [TEST_STEP][NOT_RUN] - maximizeWindow: NOT_RUN: maximizeWindow

2560-10-19 16:14:45 - [MESSAGE][NOT_RUN] - NOT_RUN: maximizeWindow

2560-10-19 16:14:45 - [TEST_STEP][NOT_RUN] - navigateToUrl: NOT_RUN: navigateToUrl

2560-10-19 16:14:45 - [MESSAGE][NOT_RUN] - NOT_RUN: navigateToUrl

2560-10-19 16:14:45 - [TEST_STEP][NOT_RUN] - click: NOT_RUN: click

2560-10-19 16:14:45 - [MESSAGE][NOT_RUN] - NOT_RUN: click

2560-10-19 16:14:45 - [TEST_STEP][NOT_RUN] - setText: NOT_RUN: setText

2560-10-19 16:14:45 - [MESSAGE][NOT_RUN] - NOT_RUN: setText

2560-10-19 16:14:45 - [TEST_STEP][NOT_RUN] - setText: NOT_RUN: setText

2560-10-19 16:14:45 - [MESSAGE][NOT_RUN] - NOT_RUN: setText

2560-10-19 16:14:45 - [TEST_STEP][NOT_RUN] - click: NOT_RUN: click

2560-10-19 16:14:45 - [MESSAGE][NOT_RUN] - NOT_RUN: click

2560-10-19 16:14:45 - [TEST_STEP][NOT_RUN] - click: NOT_RUN: click

2560-10-19 16:14:45 - [MESSAGE][NOT_RUN] - NOT_RUN: click

2560-10-19 16:14:45 - [TEST_STEP][NOT_RUN] - click: NOT_RUN: click

2560-10-19 16:14:45 - [MESSAGE][NOT_RUN] - NOT_RUN: click

2560-10-19 16:14:45 - [TEST_STEP][NOT_RUN] - uploadFile: NOT_RUN: uploadFile

2560-10-19 16:14:45 - [MESSAGE][NOT_RUN] - NOT_RUN: uploadFile

2560-10-19 16:14:45 - [TEST_STEP][NOT_RUN] - waitForElementClickable: NOT_RUN: waitForElementClickable

2560-10-19 16:14:45 - [MESSAGE][NOT_RUN] - NOT_RUN: waitForElementClickable

2560-10-19 16:14:45 - [TEST_STEP][NOT_RUN] - click: NOT_RUN: click

2560-10-19 16:14:45 - [MESSAGE][NOT_RUN] - NOT_RUN: click

2560-10-19 16:14:45 - [TEST_STEP][NOT_RUN] - waitForElementNotPresent: NOT_RUN: waitForElementNotPresent

2560-10-19 16:14:45 - [MESSAGE][NOT_RUN] - NOT_RUN: waitForElementNotPresent

2560-10-19 16:14:45 - [TEST_STEP][NOT_RUN] - selectOptionByValue: NOT_RUN: selectOptionByValue

2560-10-19 16:14:45 - [MESSAGE][NOT_RUN] - NOT_RUN: selectOptionByValue

2560-10-19 16:14:45 - [TEST_STEP][NOT_RUN] - check: NOT_RUN: check

2560-10-19 16:14:45 - [MESSAGE][NOT_RUN] - NOT_RUN: check

2560-10-19 16:14:45 - [TEST_STEP][NOT_RUN] - click: NOT_RUN: click

2560-10-19 16:14:45 - [MESSAGE][NOT_RUN] - NOT_RUN: click

2560-10-19 16:14:45 - [TEST_STEP][NOT_RUN] - waitForElementNotPresent: NOT_RUN: waitForElementNotPresent

2560-10-19 16:14:45 - [MESSAGE][NOT_RUN] - NOT_RUN: waitForElementNotPresent

2560-10-19 16:14:45 - [TEST_STEP][NOT_RUN] - check: NOT_RUN: check

2560-10-19 16:14:45 - [MESSAGE][NOT_RUN] - NOT_RUN: check

2560-10-19 16:14:45 - [TEST_STEP][NOT_RUN] - scrollToElement: NOT_RUN: scrollToElement

2560-10-19 16:14:45 - [MESSAGE][NOT_RUN] - NOT_RUN: scrollToElement

2560-10-19 16:14:45 - [TEST_STEP][NOT_RUN] - click: NOT_RUN: click

2560-10-19 16:14:45 - [MESSAGE][NOT_RUN] - NOT_RUN: click

2560-10-19 16:14:45 - [TEST_STEP][NOT_RUN] - click: NOT_RUN: click

2560-10-19 16:14:45 - [MESSAGE][NOT_RUN] - NOT_RUN: click

2560-10-19 16:14:45 - [TEST_STEP][PASSED] - click: Object: 'Object Repository/Display select all list/Page_Guru TMDA (2)/label_Select All' is clicked on

2560-10-19 16:14:45 - [MESSAGE][PASSED] - Object: 'Object Repository/Display select all list/Page_Guru TMDA (2)/label_Select All' is clicked on

2560-10-19 16:14:45 - [TEST_STEP][PASSED] - click: Object: 'Object Repository/Display select all list/Page_Guru TMDA (2)/label_Select All' is clicked on

2560-10-19 16:14:45 - [MESSAGE][PASSED] - Object: 'Object Repository/Display select all list/Page_Guru TMDA (2)/label_Select All' is clicked on

2560-10-19 16:14:45 - [TEST_STEP][PASSED] - check: Object 'Object Repository/Display staff Quality list/label_Staff Quality' is checked

2560-10-19 16:14:46 - [MESSAGE][PASSED] - Object 'Object Repository/Display staff Quality list/label_Staff Quality' is checked

2560-10-19 16:14:47 - [TEST_STEP][PASSED] - verifyElementPresent: Object 'Object Repository/Display Accessibility list/Page_Guru TMDA (2)/div_row' is present

2560-10-19 16:14:47 - [MESSAGE][PASSED] - Object 'Object Repository/Display Accessibility list/Page_Guru TMDA (2)/div_row' is present

2560-10-19 16:14:47 - [TEST_STEP][NOT_RUN] - closeBrowser: NOT_RUN: closeBrowser

2560-10-19 16:14:47 - [MESSAGE][NOT_RUN] - NOT_RUN: closeBrowser]]></system-out>
         <system-err><![CDATA[]]></system-err>
      </testcase>
      <testcase name="Test Cases/Basic work/Predicted Multiple Verbatim/Prediction in details display Timing list" classname="Test Cases/Basic work/Predicted Multiple Verbatim/Prediction in details display Timing list" status="PASSED">
         <system-out><![CDATA[2560-10-19 16:14:47 - [TEST_CASE][PASSED] - Test Cases/Basic work/Predicted Multiple Verbatim/Prediction in details display Timing list: Test Cases/Basic work/Predicted Multiple Verbatim/Prediction in details display Timing list

2560-10-19 16:14:47 - [TEST_STEP][NOT_RUN] - openBrowser: NOT_RUN: openBrowser

2560-10-19 16:14:47 - [MESSAGE][NOT_RUN] - NOT_RUN: openBrowser

2560-10-19 16:14:47 - [TEST_STEP][NOT_RUN] - maximizeWindow: NOT_RUN: maximizeWindow

2560-10-19 16:14:47 - [MESSAGE][NOT_RUN] - NOT_RUN: maximizeWindow

2560-10-19 16:14:47 - [TEST_STEP][NOT_RUN] - navigateToUrl: NOT_RUN: navigateToUrl

2560-10-19 16:14:47 - [MESSAGE][NOT_RUN] - NOT_RUN: navigateToUrl

2560-10-19 16:14:47 - [TEST_STEP][NOT_RUN] - click: NOT_RUN: click

2560-10-19 16:14:47 - [MESSAGE][NOT_RUN] - NOT_RUN: click

2560-10-19 16:14:47 - [TEST_STEP][NOT_RUN] - setText: NOT_RUN: setText

2560-10-19 16:14:47 - [MESSAGE][NOT_RUN] - NOT_RUN: setText

2560-10-19 16:14:47 - [TEST_STEP][NOT_RUN] - setText: NOT_RUN: setText

2560-10-19 16:14:47 - [MESSAGE][NOT_RUN] - NOT_RUN: setText

2560-10-19 16:14:47 - [TEST_STEP][NOT_RUN] - click: NOT_RUN: click

2560-10-19 16:14:47 - [MESSAGE][NOT_RUN] - NOT_RUN: click

2560-10-19 16:14:47 - [TEST_STEP][NOT_RUN] - click: NOT_RUN: click

2560-10-19 16:14:47 - [MESSAGE][NOT_RUN] - NOT_RUN: click

2560-10-19 16:14:47 - [TEST_STEP][NOT_RUN] - click: NOT_RUN: click

2560-10-19 16:14:47 - [MESSAGE][NOT_RUN] - NOT_RUN: click

2560-10-19 16:14:47 - [TEST_STEP][NOT_RUN] - uploadFile: NOT_RUN: uploadFile

2560-10-19 16:14:47 - [MESSAGE][NOT_RUN] - NOT_RUN: uploadFile

2560-10-19 16:14:47 - [TEST_STEP][NOT_RUN] - waitForElementClickable: NOT_RUN: waitForElementClickable

2560-10-19 16:14:47 - [MESSAGE][NOT_RUN] - NOT_RUN: waitForElementClickable

2560-10-19 16:14:47 - [TEST_STEP][NOT_RUN] - click: NOT_RUN: click

2560-10-19 16:14:47 - [MESSAGE][NOT_RUN] - NOT_RUN: click

2560-10-19 16:14:47 - [TEST_STEP][NOT_RUN] - waitForElementNotPresent: NOT_RUN: waitForElementNotPresent

2560-10-19 16:14:47 - [MESSAGE][NOT_RUN] - NOT_RUN: waitForElementNotPresent

2560-10-19 16:14:47 - [TEST_STEP][NOT_RUN] - selectOptionByValue: NOT_RUN: selectOptionByValue

2560-10-19 16:14:47 - [MESSAGE][NOT_RUN] - NOT_RUN: selectOptionByValue

2560-10-19 16:14:47 - [TEST_STEP][NOT_RUN] - check: NOT_RUN: check

2560-10-19 16:14:47 - [MESSAGE][NOT_RUN] - NOT_RUN: check

2560-10-19 16:14:47 - [TEST_STEP][NOT_RUN] - click: NOT_RUN: click

2560-10-19 16:14:47 - [MESSAGE][NOT_RUN] - NOT_RUN: click

2560-10-19 16:14:48 - [TEST_STEP][NOT_RUN] - waitForElementNotPresent: NOT_RUN: waitForElementNotPresent

2560-10-19 16:14:48 - [MESSAGE][NOT_RUN] - NOT_RUN: waitForElementNotPresent

2560-10-19 16:14:48 - [TEST_STEP][NOT_RUN] - check: NOT_RUN: check

2560-10-19 16:14:48 - [MESSAGE][NOT_RUN] - NOT_RUN: check

2560-10-19 16:14:48 - [TEST_STEP][NOT_RUN] - scrollToElement: NOT_RUN: scrollToElement

2560-10-19 16:14:48 - [MESSAGE][NOT_RUN] - NOT_RUN: scrollToElement

2560-10-19 16:14:48 - [TEST_STEP][NOT_RUN] - click: NOT_RUN: click

2560-10-19 16:14:48 - [MESSAGE][NOT_RUN] - NOT_RUN: click

2560-10-19 16:14:48 - [TEST_STEP][NOT_RUN] - click: NOT_RUN: click

2560-10-19 16:14:48 - [MESSAGE][NOT_RUN] - NOT_RUN: click

2560-10-19 16:14:48 - [TEST_STEP][PASSED] - click: Object: 'Object Repository/Display select all list/Page_Guru TMDA (2)/label_Select All' is clicked on

2560-10-19 16:14:48 - [MESSAGE][PASSED] - Object: 'Object Repository/Display select all list/Page_Guru TMDA (2)/label_Select All' is clicked on

2560-10-19 16:14:48 - [TEST_STEP][PASSED] - click: Object: 'Object Repository/Display select all list/Page_Guru TMDA (2)/label_Select All' is clicked on

2560-10-19 16:14:49 - [MESSAGE][PASSED] - Object: 'Object Repository/Display select all list/Page_Guru TMDA (2)/label_Select All' is clicked on

2560-10-19 16:14:49 - [TEST_STEP][PASSED] - check: Object 'Object Repository/Display timing list/label_Timing' is checked

2560-10-19 16:14:49 - [MESSAGE][PASSED] - Object 'Object Repository/Display timing list/label_Timing' is checked

2560-10-19 16:14:49 - [TEST_STEP][PASSED] - verifyElementPresent: Object 'Object Repository/Display Accessibility list/Page_Guru TMDA (2)/div_row' is present

2560-10-19 16:14:49 - [MESSAGE][PASSED] - Object 'Object Repository/Display Accessibility list/Page_Guru TMDA (2)/div_row' is present

2560-10-19 16:14:49 - [TEST_STEP][NOT_RUN] - closeBrowser: NOT_RUN: closeBrowser

2560-10-19 16:14:49 - [MESSAGE][NOT_RUN] - NOT_RUN: closeBrowser]]></system-out>
         <system-err><![CDATA[]]></system-err>
      </testcase>
      <testcase name="Test Cases/User management/Search user list" classname="Test Cases/User management/Search user list" status="PASSED">
         <system-out><![CDATA[2560-10-19 16:14:49 - [TEST_CASE][PASSED] - Test Cases/User management/Search user list: Test Cases/User management/Search user list

2560-10-19 16:14:50 - [TEST_STEP][NOT_RUN] - openBrowser: NOT_RUN: openBrowser

2560-10-19 16:14:50 - [MESSAGE][NOT_RUN] - NOT_RUN: openBrowser

2560-10-19 16:14:50 - [TEST_STEP][NOT_RUN] - maximizeWindow: NOT_RUN: maximizeWindow

2560-10-19 16:14:50 - [MESSAGE][NOT_RUN] - NOT_RUN: maximizeWindow

2560-10-19 16:14:50 - [TEST_STEP][NOT_RUN] - navigateToUrl: NOT_RUN: navigateToUrl

2560-10-19 16:14:50 - [MESSAGE][NOT_RUN] - NOT_RUN: navigateToUrl

2560-10-19 16:14:50 - [TEST_STEP][NOT_RUN] - click: NOT_RUN: click

2560-10-19 16:14:50 - [MESSAGE][NOT_RUN] - NOT_RUN: click

2560-10-19 16:14:50 - [TEST_STEP][NOT_RUN] - setText: NOT_RUN: setText

2560-10-19 16:14:50 - [MESSAGE][NOT_RUN] - NOT_RUN: setText

2560-10-19 16:14:50 - [TEST_STEP][NOT_RUN] - setText: NOT_RUN: setText

2560-10-19 16:14:50 - [MESSAGE][NOT_RUN] - NOT_RUN: setText

2560-10-19 16:14:50 - [TEST_STEP][NOT_RUN] - submit: NOT_RUN: submit

2560-10-19 16:14:50 - [MESSAGE][NOT_RUN] - NOT_RUN: submit

2560-10-19 16:14:50 - [TEST_STEP][PASSED] - click: Object: 'Object Repository/Chage status/Page_Guru TMDA/a_User Management' is clicked on

2560-10-19 16:14:51 - [MESSAGE][PASSED] - Object: 'Object Repository/Chage status/Page_Guru TMDA/a_User Management' is clicked on

2560-10-19 16:14:51 - [TEST_STEP][PASSED] - setText: Text 'fortest' is set on object 'Object Repository/Search user list/Page_Guru TMDA (2)/input_ng-untouched ng-valid ng'

2560-10-19 16:14:52 - [MESSAGE][PASSED] - Text 'fortest' is set on object 'Object Repository/Search user list/Page_Guru TMDA (2)/input_ng-untouched ng-valid ng'

2560-10-19 16:14:52 - [TEST_STEP][PASSED] - verifyElementPresent: Object 'Object Repository/Search user list/Page_Guru TMDA (5)/td_fortest' is present

2560-10-19 16:14:52 - [MESSAGE][PASSED] - Object 'Object Repository/Search user list/Page_Guru TMDA (5)/td_fortest' is present

2560-10-19 16:14:52 - [TEST_STEP][NOT_RUN] - closeBrowser: NOT_RUN: closeBrowser

2560-10-19 16:14:52 - [MESSAGE][NOT_RUN] - NOT_RUN: closeBrowser]]></system-out>
         <system-err><![CDATA[]]></system-err>
      </testcase>
      <testcase name="Test Cases/User management/Change role" classname="Test Cases/User management/Change role" status="FAILED">
         <failure type="FAILED" message="Unable to click on object 'Object Repository/Change role/Page_Guru TMDA (2)/button_Admin (1)' (Root cause: com.kms.katalon.core.webui.exception.WebElementNotFoundException: Web element with id: 'Object Repository/Change role/Page_Guru TMDA (2)/button_Admin (1)' located by 'By.xpath: //button[count(. | //*[@id = 'dropdownBasic1']) = count(//*[@id = 'dropdownBasic1'])][count(. | //*[contains(.,'Admin')]) = count(//*[contains(.,'Admin')])]' not found)"/>
         <system-out><![CDATA[2560-10-19 16:14:52 - [TEST_CASE][FAILED] - Test Cases/User management/Change role: Test Cases/User management/Change role FAILED because (of) Unable to click on object 'Object Repository/Change role/Page_Guru TMDA (2)/button_Admin (1)' (Root cause: com.kms.katalon.core.webui.exception.WebElementNotFoundException: Web element with id: 'Object Repository/Change role/Page_Guru TMDA (2)/button_Admin (1)' located by 'By.xpath: //button[count(. | //*[@id = 'dropdownBasic1']) = count(//*[@id = 'dropdownBasic1'])][count(. | //*[contains(.,'Admin')]) = count(//*[contains(.,'Admin')])]' not found)

2560-10-19 16:14:52 - [TEST_STEP][NOT_RUN] - openBrowser: NOT_RUN: openBrowser

2560-10-19 16:14:52 - [MESSAGE][NOT_RUN] - NOT_RUN: openBrowser

2560-10-19 16:14:52 - [TEST_STEP][NOT_RUN] - maximizeWindow: NOT_RUN: maximizeWindow

2560-10-19 16:14:52 - [MESSAGE][NOT_RUN] - NOT_RUN: maximizeWindow

2560-10-19 16:14:52 - [TEST_STEP][NOT_RUN] - navigateToUrl: NOT_RUN: navigateToUrl

2560-10-19 16:14:52 - [MESSAGE][NOT_RUN] - NOT_RUN: navigateToUrl

2560-10-19 16:14:52 - [TEST_STEP][NOT_RUN] - click: NOT_RUN: click

2560-10-19 16:14:52 - [MESSAGE][NOT_RUN] - NOT_RUN: click

2560-10-19 16:14:52 - [TEST_STEP][NOT_RUN] - setText: NOT_RUN: setText

2560-10-19 16:14:52 - [MESSAGE][NOT_RUN] - NOT_RUN: setText

2560-10-19 16:14:52 - [TEST_STEP][NOT_RUN] - setText: NOT_RUN: setText

2560-10-19 16:14:52 - [MESSAGE][NOT_RUN] - NOT_RUN: setText

2560-10-19 16:14:52 - [TEST_STEP][NOT_RUN] - submit: NOT_RUN: submit

2560-10-19 16:14:52 - [MESSAGE][NOT_RUN] - NOT_RUN: submit

2560-10-19 16:14:52 - [TEST_STEP][NOT_RUN] - click: NOT_RUN: click

2560-10-19 16:14:52 - [MESSAGE][NOT_RUN] - NOT_RUN: click

2560-10-19 16:14:53 - [TEST_STEP][NOT_RUN] - setText: NOT_RUN: setText

2560-10-19 16:14:53 - [MESSAGE][NOT_RUN] - NOT_RUN: setText

2560-10-19 16:14:53 - [TEST_STEP][PASSED] - click: Object: 'Object Repository/Change role/Page_Guru TMDA (2)/button_User' is clicked on

2560-10-19 16:14:53 - [MESSAGE][PASSED] - Object: 'Object Repository/Change role/Page_Guru TMDA (2)/button_User' is clicked on

2560-10-19 16:14:53 - [TEST_STEP][PASSED] - click: Object: 'Object Repository/Change role/Page_Guru TMDA (2)/button_ADMIN' is clicked on

2560-10-19 16:14:53 - [MESSAGE][PASSED] - Object: 'Object Repository/Change role/Page_Guru TMDA (2)/button_ADMIN' is clicked on

2560-10-19 16:14:53 - [TEST_STEP][PASSED] - click: Object: 'Object Repository/Change role/Page_Guru TMDA (2)/button_SUBMIT' is clicked on

2560-10-19 16:14:54 - [MESSAGE][PASSED] - Object: 'Object Repository/Change role/Page_Guru TMDA (2)/button_SUBMIT' is clicked on

2560-10-19 16:14:54 - [TEST_STEP][PASSED] - verifyElementPresent: Object 'Object Repository/Change role/Page_Guru TMDA (2)/div_User Management Successful' is present

2560-10-19 16:14:54 - [MESSAGE][PASSED] - Object 'Object Repository/Change role/Page_Guru TMDA (2)/div_User Management Successful' is present

2560-10-19 16:14:54 - [TEST_STEP][NOT_RUN] - Statement - If (false): NOT_RUN: Statement - If (false)

2560-10-19 16:14:54 - [MESSAGE][NOT_RUN] - NOT_RUN: Statement - If (false)

2560-10-19 16:14:54 - [TEST_STEP][PASSED] - click: Object: 'Object Repository/Change role/Page_Guru TMDA (2)/button_' is clicked on

2560-10-19 16:14:54 - [MESSAGE][PASSED] - Object: 'Object Repository/Change role/Page_Guru TMDA (2)/button_' is clicked on

2560-10-19 16:14:54 - [TEST_STEP][PASSED] - waitForElementNotPresent: Web element with id: 'Object Repository/Change role/Page_Guru TMDA (2)/div_w3-padding-32 w3-center' located by 'By.xpath: //div[count(. | id("swal2-content")/div[@class="w3-padding-32 w3-center"]) = count(id("swal2-content")/div[@class="w3-padding-32 w3-center"])]' is not present after '5' second(s)

2560-10-19 16:14:55 - [MESSAGE][PASSED] - Web element with id: 'Object Repository/Change role/Page_Guru TMDA (2)/div_w3-padding-32 w3-center' located by 'By.xpath: //div[count(. | id("swal2-content")/div[@class="w3-padding-32 w3-center"]) = count(id("swal2-content")/div[@class="w3-padding-32 w3-center"])]' is not present after '5' second(s)

2560-10-19 16:14:55 - [TEST_STEP][FAILED] - click: Unable to click on object 'Object Repository/Change role/Page_Guru TMDA (2)/button_Admin (1)' (Root cause: com.kms.katalon.core.webui.exception.WebElementNotFoundException: Web element with id: 'Object Repository/Change role/Page_Guru TMDA (2)/button_Admin (1)' located by 'By.xpath: //button[count(. | //*[@id = 'dropdownBasic1']) = count(//*[@id = 'dropdownBasic1'])][count(. | //*[contains(.,'Admin')]) = count(//*[contains(.,'Admin')])]' not found)

2560-10-19 16:15:26 - [MESSAGE][FAILED] - Unable to click on object 'Object Repository/Change role/Page_Guru TMDA (2)/button_Admin (1)' (Root cause: com.kms.katalon.core.webui.exception.WebElementNotFoundException: Web element with id: 'Object Repository/Change role/Page_Guru TMDA (2)/button_Admin (1)' located by 'By.xpath: //button[count(. | //*[@id = 'dropdownBasic1']) = count(//*[@id = 'dropdownBasic1'])][count(. | //*[contains(.,'Admin')]) = count(//*[contains(.,'Admin')])]' not found)
[[ATTACHMENT|C:\\Users\\PIEW\\Katalon Studio\\GuruTMDA\\Reports\\Basic work\\25601019_161218\\1508404526405.png]]]]></system-out>
         <system-err><![CDATA[2560-10-19 16:14:52 - [TEST_CASE][FAILED] - Test Cases/User management/Change role: Test Cases/User management/Change role FAILED because (of) Unable to click on object 'Object Repository/Change role/Page_Guru TMDA (2)/button_Admin (1)' (Root cause: com.kms.katalon.core.webui.exception.WebElementNotFoundException: Web element with id: 'Object Repository/Change role/Page_Guru TMDA (2)/button_Admin (1)' located by 'By.xpath: //button[count(. | //*[@id = 'dropdownBasic1']) = count(//*[@id = 'dropdownBasic1'])][count(. | //*[contains(.,'Admin')]) = count(//*[contains(.,'Admin')])]' not found)]]></system-err>
      </testcase>
      <testcase name="Test Cases/User management/Change status" classname="Test Cases/User management/Change status" status="FAILED">
         <failure type="FAILED" message="com.kms.katalon.core.webui.exception.WebElementNotFoundException: Web element with id: 'Object Repository/Chage status/Page_Guru TMDA (6)/div_User Management Successful' located by 'By.xpath: //div[count(. | //*[contains(.,'User Management Successful!')]) = count(//*[contains(.,'User Management Successful!')])]' not found"/>
         <system-out><![CDATA[2560-10-19 16:15:26 - [TEST_CASE][FAILED] - Test Cases/User management/Change status: Test Cases/User management/Change status FAILED because (of) com.kms.katalon.core.webui.exception.WebElementNotFoundException: Web element with id: 'Object Repository/Chage status/Page_Guru TMDA (6)/div_User Management Successful' located by 'By.xpath: //div[count(. | //*[contains(.,'User Management Successful!')]) = count(//*[contains(.,'User Management Successful!')])]' not found

2560-10-19 16:15:27 - [TEST_STEP][NOT_RUN] - openBrowser: NOT_RUN: openBrowser

2560-10-19 16:15:27 - [MESSAGE][NOT_RUN] - NOT_RUN: openBrowser

2560-10-19 16:15:27 - [TEST_STEP][NOT_RUN] - maximizeWindow: NOT_RUN: maximizeWindow

2560-10-19 16:15:27 - [MESSAGE][NOT_RUN] - NOT_RUN: maximizeWindow

2560-10-19 16:15:27 - [TEST_STEP][NOT_RUN] - navigateToUrl: NOT_RUN: navigateToUrl

2560-10-19 16:15:27 - [MESSAGE][NOT_RUN] - NOT_RUN: navigateToUrl

2560-10-19 16:15:27 - [TEST_STEP][NOT_RUN] - click: NOT_RUN: click

2560-10-19 16:15:27 - [MESSAGE][NOT_RUN] - NOT_RUN: click

2560-10-19 16:15:27 - [TEST_STEP][NOT_RUN] - setText: NOT_RUN: setText

2560-10-19 16:15:27 - [MESSAGE][NOT_RUN] - NOT_RUN: setText

2560-10-19 16:15:27 - [TEST_STEP][NOT_RUN] - setText: NOT_RUN: setText

2560-10-19 16:15:27 - [MESSAGE][NOT_RUN] - NOT_RUN: setText

2560-10-19 16:15:27 - [TEST_STEP][NOT_RUN] - submit: NOT_RUN: submit

2560-10-19 16:15:27 - [MESSAGE][NOT_RUN] - NOT_RUN: submit

2560-10-19 16:15:27 - [TEST_STEP][NOT_RUN] - click: NOT_RUN: click

2560-10-19 16:15:27 - [MESSAGE][NOT_RUN] - NOT_RUN: click

2560-10-19 16:15:27 - [TEST_STEP][NOT_RUN] - setText: NOT_RUN: setText

2560-10-19 16:15:27 - [MESSAGE][NOT_RUN] - NOT_RUN: setText

2560-10-19 16:15:27 - [TEST_STEP][PASSED] - click: Object: 'Object Repository/Chage status/Page_Guru TMDA (2)/button_DEACTIVATED' is clicked on

2560-10-19 16:15:27 - [MESSAGE][PASSED] - Object: 'Object Repository/Chage status/Page_Guru TMDA (2)/button_DEACTIVATED' is clicked on

2560-10-19 16:15:27 - [TEST_STEP][PASSED] - click: Object: 'Object Repository/Chage status/Page_Guru TMDA (2)/button_ACTIVATED' is clicked on

2560-10-19 16:15:27 - [MESSAGE][PASSED] - Object: 'Object Repository/Chage status/Page_Guru TMDA (2)/button_ACTIVATED' is clicked on

2560-10-19 16:15:27 - [TEST_STEP][PASSED] - click: Object: 'Object Repository/Chage status/Page_Guru TMDA (2)/button_SUBMIT' is clicked on

2560-10-19 16:15:27 - [MESSAGE][PASSED] - Object: 'Object Repository/Chage status/Page_Guru TMDA (2)/button_SUBMIT' is clicked on

2560-10-19 16:15:27 - [TEST_STEP][FAILED] - verifyElementPresent: com.kms.katalon.core.webui.exception.WebElementNotFoundException: Web element with id: 'Object Repository/Chage status/Page_Guru TMDA (6)/div_User Management Successful' located by 'By.xpath: //div[count(. | //*[contains(.,'User Management Successful!')]) = count(//*[contains(.,'User Management Successful!')])]' not found

2560-10-19 16:15:30 - [MESSAGE][FAILED] - com.kms.katalon.core.webui.exception.WebElementNotFoundException: Web element with id: 'Object Repository/Chage status/Page_Guru TMDA (6)/div_User Management Successful' located by 'By.xpath: //div[count(. | //*[contains(.,'User Management Successful!')]) = count(//*[contains(.,'User Management Successful!')])]' not found
[[ATTACHMENT|C:\\Users\\PIEW\\Katalon Studio\\GuruTMDA\\Reports\\Basic work\\25601019_161218\\1508404529790.png]]

2560-10-19 16:15:30 - [TEST_STEP][NOT_RUN] - Statement - If (false): NOT_RUN: Statement - If (false)

2560-10-19 16:15:30 - [MESSAGE][NOT_RUN] - NOT_RUN: Statement - If (false)

2560-10-19 16:15:30 - [TEST_STEP][PASSED] - click: Object: 'Object Repository/Chage status/Page_Guru TMDA (2)/button_' is clicked on

2560-10-19 16:15:31 - [MESSAGE][PASSED] - Object: 'Object Repository/Chage status/Page_Guru TMDA (2)/button_' is clicked on

2560-10-19 16:15:31 - [TEST_STEP][PASSED] - waitForElementNotPresent: Web element with id: 'Object Repository/Chage status/Page_Guru TMDA (5)/div_w3-padding-32 w3-center' located by 'By.xpath: //div[count(. | id("swal2-content")/div[@class="w3-padding-32 w3-center"]) = count(id("swal2-content")/div[@class="w3-padding-32 w3-center"])]' is not present after '30' second(s)

2560-10-19 16:15:31 - [MESSAGE][WARNING] - Timeout '0' is invalid. Using default page load timeout: '30'

2560-10-19 16:15:32 - [MESSAGE][PASSED] - Web element with id: 'Object Repository/Chage status/Page_Guru TMDA (5)/div_w3-padding-32 w3-center' located by 'By.xpath: //div[count(. | id("swal2-content")/div[@class="w3-padding-32 w3-center"]) = count(id("swal2-content")/div[@class="w3-padding-32 w3-center"])]' is not present after '30' second(s)

2560-10-19 16:15:32 - [TEST_STEP][FAILED] - click: Unable to click on object 'Object Repository/Chage status/Page_Guru TMDA (2)/button_ACTIVATED (1)' (Root cause: com.kms.katalon.core.webui.exception.WebElementNotFoundException: Web element with id: 'Object Repository/Chage status/Page_Guru TMDA (2)/button_ACTIVATED (1)' located by 'By.xpath: //button[count(. | id("dropdownBasic2")) = count(id("dropdownBasic2"))][count(. | //*[@aria-expanded = 'false']) = count(//*[@aria-expanded = 'false'])][count(. | //*[@aria-haspopup = 'true']) = count(//*[@aria-haspopup = 'true'])][count(. | //*[@id = 'dropdownBasic2']) = count(//*[@id = 'dropdownBasic2'])][count(. | //*[not(contains(.,'DEACTIVATED'))]) = count(//*[not(contains(.,'DEACTIVATED'))])][count(. | //*[@class = 'btn btn-block btn-outline-primary w3-text-white dropdown-toggle']) = count(//*[@class = 'btn btn-block btn-outline-primary w3-text-white dropdown-toggle'])]' not found)

2560-10-19 16:16:03 - [MESSAGE][FAILED] - Unable to click on object 'Object Repository/Chage status/Page_Guru TMDA (2)/button_ACTIVATED (1)' (Root cause: com.kms.katalon.core.webui.exception.WebElementNotFoundException: Web element with id: 'Object Repository/Chage status/Page_Guru TMDA (2)/button_ACTIVATED (1)' located by 'By.xpath: //button[count(. | id("dropdownBasic2")) = count(id("dropdownBasic2"))][count(. | //*[@aria-expanded = 'false']) = count(//*[@aria-expanded = 'false'])][count(. | //*[@aria-haspopup = 'true']) = count(//*[@aria-haspopup = 'true'])][count(. | //*[@id = 'dropdownBasic2']) = count(//*[@id = 'dropdownBasic2'])][count(. | //*[not(contains(.,'DEACTIVATED'))]) = count(//*[not(contains(.,'DEACTIVATED'))])][count(. | //*[@class = 'btn btn-block btn-outline-primary w3-text-white dropdown-toggle']) = count(//*[@class = 'btn btn-block btn-outline-primary w3-text-white dropdown-toggle'])]' not found)
[[ATTACHMENT|C:\\Users\\PIEW\\Katalon Studio\\GuruTMDA\\Reports\\Basic work\\25601019_161218\\1508404563179.png]]]]></system-out>
         <system-err><![CDATA[2560-10-19 16:15:26 - [TEST_CASE][FAILED] - Test Cases/User management/Change status: Test Cases/User management/Change status FAILED because (of) com.kms.katalon.core.webui.exception.WebElementNotFoundException: Web element with id: 'Object Repository/Chage status/Page_Guru TMDA (6)/div_User Management Successful' located by 'By.xpath: //div[count(. | //*[contains(.,'User Management Successful!')]) = count(//*[contains(.,'User Management Successful!')])]' not found]]></system-err>
      </testcase>
      <testcase name="Test Cases/User management/Edit user profile/Edit user profile" classname="Test Cases/User management/Edit user profile/Edit user profile" status="PASSED">
         <system-out><![CDATA[2560-10-19 16:16:03 - [TEST_CASE][PASSED] - Test Cases/User management/Edit user profile/Edit user profile: Test Cases/User management/Edit user profile/Edit user profile

2560-10-19 16:16:03 - [TEST_STEP][NOT_RUN] - openBrowser: NOT_RUN: openBrowser

2560-10-19 16:16:03 - [MESSAGE][NOT_RUN] - NOT_RUN: openBrowser

2560-10-19 16:16:03 - [TEST_STEP][NOT_RUN] - maximizeWindow: NOT_RUN: maximizeWindow

2560-10-19 16:16:03 - [MESSAGE][NOT_RUN] - NOT_RUN: maximizeWindow

2560-10-19 16:16:03 - [TEST_STEP][NOT_RUN] - navigateToUrl: NOT_RUN: navigateToUrl

2560-10-19 16:16:03 - [MESSAGE][NOT_RUN] - NOT_RUN: navigateToUrl

2560-10-19 16:16:03 - [TEST_STEP][NOT_RUN] - click: NOT_RUN: click

2560-10-19 16:16:03 - [MESSAGE][NOT_RUN] - NOT_RUN: click

2560-10-19 16:16:03 - [TEST_STEP][NOT_RUN] - setText: NOT_RUN: setText

2560-10-19 16:16:03 - [MESSAGE][NOT_RUN] - NOT_RUN: setText

2560-10-19 16:16:03 - [TEST_STEP][NOT_RUN] - setText: NOT_RUN: setText

2560-10-19 16:16:03 - [MESSAGE][NOT_RUN] - NOT_RUN: setText

2560-10-19 16:16:03 - [TEST_STEP][NOT_RUN] - submit: NOT_RUN: submit

2560-10-19 16:16:03 - [MESSAGE][NOT_RUN] - NOT_RUN: submit

2560-10-19 16:16:03 - [TEST_STEP][NOT_RUN] - click: NOT_RUN: click

2560-10-19 16:16:03 - [MESSAGE][NOT_RUN] - NOT_RUN: click

2560-10-19 16:16:03 - [TEST_STEP][NOT_RUN] - setText: NOT_RUN: setText

2560-10-19 16:16:03 - [MESSAGE][NOT_RUN] - NOT_RUN: setText

2560-10-19 16:16:03 - [TEST_STEP][PASSED] - click: Object: 'Object Repository/Edit user profile/list/i_fa fa-pencil-square-o' is clicked on

2560-10-19 16:16:04 - [MESSAGE][PASSED] - Object: 'Object Repository/Edit user profile/list/i_fa fa-pencil-square-o' is clicked on

2560-10-19 16:16:04 - [TEST_STEP][PASSED] - click: Object: 'Object Repository/Edit user profile/Edit/i_fa fa-pencil' is clicked on

2560-10-19 16:16:04 - [MESSAGE][PASSED] - Object: 'Object Repository/Edit user profile/Edit/i_fa fa-pencil' is clicked on

2560-10-19 16:16:04 - [TEST_STEP][PASSED] - setText: Text 'fortest' is set on object 'Object Repository/Edit user profile/Edit/input_ng-untouched ng-valid ng'

2560-10-19 16:16:04 - [MESSAGE][PASSED] - Text 'fortest' is set on object 'Object Repository/Edit user profile/Edit/input_ng-untouched ng-valid ng'

2560-10-19 16:16:04 - [TEST_STEP][PASSED] - click: Object: 'Object Repository/Edit user profile/Edit/button_SUBMIT' is clicked on

2560-10-19 16:16:04 - [MESSAGE][PASSED] - Object: 'Object Repository/Edit user profile/Edit/button_SUBMIT' is clicked on

2560-10-19 16:16:04 - [TEST_STEP][PASSED] - verifyElementPresent: Object 'Object Repository/Edit user profile/Edit/div_Edit Profile Successful.' is present

2560-10-19 16:16:05 - [MESSAGE][PASSED] - Object 'Object Repository/Edit user profile/Edit/div_Edit Profile Successful.' is present

2560-10-19 16:16:05 - [TEST_STEP][NOT_RUN] - Statement - If (false): NOT_RUN: Statement - If (false)

2560-10-19 16:16:05 - [MESSAGE][NOT_RUN] - NOT_RUN: Statement - If (false)

2560-10-19 16:16:05 - [TEST_STEP][PASSED] - click: Object: 'Object Repository/Edit user profile/Edit/button_' is clicked on

2560-10-19 16:16:05 - [MESSAGE][PASSED] - Object: 'Object Repository/Edit user profile/Edit/button_' is clicked on

2560-10-19 16:16:05 - [TEST_STEP][NOT_RUN] - closeBrowser: NOT_RUN: closeBrowser

2560-10-19 16:16:05 - [MESSAGE][NOT_RUN] - NOT_RUN: closeBrowser]]></system-out>
         <system-err><![CDATA[]]></system-err>
      </testcase>
      <testcase name="Test Cases/User management/Edit user profile/Reset password" classname="Test Cases/User management/Edit user profile/Reset password" status="PASSED">
         <system-out><![CDATA[2560-10-19 16:16:05 - [TEST_CASE][PASSED] - Test Cases/User management/Edit user profile/Reset password: Test Cases/User management/Edit user profile/Reset password

2560-10-19 16:16:05 - [TEST_STEP][NOT_RUN] - openBrowser: NOT_RUN: openBrowser

2560-10-19 16:16:05 - [MESSAGE][NOT_RUN] - NOT_RUN: openBrowser

2560-10-19 16:16:05 - [TEST_STEP][NOT_RUN] - maximizeWindow: NOT_RUN: maximizeWindow

2560-10-19 16:16:05 - [MESSAGE][NOT_RUN] - NOT_RUN: maximizeWindow

2560-10-19 16:16:05 - [TEST_STEP][NOT_RUN] - navigateToUrl: NOT_RUN: navigateToUrl

2560-10-19 16:16:05 - [MESSAGE][NOT_RUN] - NOT_RUN: navigateToUrl

2560-10-19 16:16:05 - [TEST_STEP][NOT_RUN] - click: NOT_RUN: click

2560-10-19 16:16:05 - [MESSAGE][NOT_RUN] - NOT_RUN: click

2560-10-19 16:16:05 - [TEST_STEP][NOT_RUN] - setText: NOT_RUN: setText

2560-10-19 16:16:05 - [MESSAGE][NOT_RUN] - NOT_RUN: setText

2560-10-19 16:16:05 - [TEST_STEP][NOT_RUN] - setText: NOT_RUN: setText

2560-10-19 16:16:05 - [MESSAGE][NOT_RUN] - NOT_RUN: setText

2560-10-19 16:16:05 - [TEST_STEP][NOT_RUN] - submit: NOT_RUN: submit

2560-10-19 16:16:05 - [MESSAGE][NOT_RUN] - NOT_RUN: submit

2560-10-19 16:16:05 - [TEST_STEP][NOT_RUN] - click: NOT_RUN: click

2560-10-19 16:16:05 - [MESSAGE][NOT_RUN] - NOT_RUN: click

2560-10-19 16:16:05 - [TEST_STEP][PASSED] - setText: Text 'fortest' is set on object 'Object Repository/reset password/list/input_ng-untouched ng-valid ng'

2560-10-19 16:16:06 - [MESSAGE][PASSED] - Text 'fortest' is set on object 'Object Repository/reset password/list/input_ng-untouched ng-valid ng'

2560-10-19 16:16:06 - [TEST_STEP][PASSED] - click: Object: 'Object Repository/reset password/list/i_fa fa-pencil-square-o' is clicked on

2560-10-19 16:16:07 - [MESSAGE][PASSED] - Object: 'Object Repository/reset password/list/i_fa fa-pencil-square-o' is clicked on

2560-10-19 16:16:07 - [TEST_STEP][PASSED] - click: Object: 'Object Repository/reset password/reset/a_Reset Password' is clicked on

2560-10-19 16:16:07 - [MESSAGE][PASSED] - Object: 'Object Repository/reset password/reset/a_Reset Password' is clicked on

2560-10-19 16:16:07 - [TEST_STEP][PASSED] - click: Object: 'Object Repository/reset password/reset/button_Yes' is clicked on

2560-10-19 16:16:08 - [MESSAGE][PASSED] - Object: 'Object Repository/reset password/reset/button_Yes' is clicked on

2560-10-19 16:16:08 - [TEST_STEP][PASSED] - setText: Text 'fortest' is set on object 'Object Repository/reset password/reset/input_ng-untouched ng-valid ng'

2560-10-19 16:16:08 - [MESSAGE][PASSED] - Text 'fortest' is set on object 'Object Repository/reset password/reset/input_ng-untouched ng-valid ng'

2560-10-19 16:16:08 - [TEST_STEP][PASSED] - scrollToElement: Scroll to object 'Object Repository/reset password/reset/button_SUBMIT' successfully

2560-10-19 16:16:09 - [MESSAGE][PASSED] - Scroll to object 'Object Repository/reset password/reset/button_SUBMIT' successfully

2560-10-19 16:16:09 - [TEST_STEP][PASSED] - setText: Text 'fortest' is set on object 'Object Repository/reset password/reset/Page_Guru TMDA/input_ng-untouched ng-pristine'

2560-10-19 16:16:09 - [MESSAGE][PASSED] - Text 'fortest' is set on object 'Object Repository/reset password/reset/Page_Guru TMDA/input_ng-untouched ng-pristine'

2560-10-19 16:16:09 - [TEST_STEP][PASSED] - sendKeys: Keys '' sent to object: 'Object Repository/reset password/reset/Page_Guru TMDA/input_ng-untouched ng-pristine'

2560-10-19 16:16:10 - [MESSAGE][PASSED] - Keys '' sent to object: 'Object Repository/reset password/reset/Page_Guru TMDA/input_ng-untouched ng-pristine'

2560-10-19 16:16:10 - [TEST_STEP][PASSED] - setText: Text 'fortest' is set on object 'Object Repository/reset password/reset/Page_Guru TMDA/input_ng-pristine ng-valid ng-1'

2560-10-19 16:16:11 - [MESSAGE][PASSED] - Text 'fortest' is set on object 'Object Repository/reset password/reset/Page_Guru TMDA/input_ng-pristine ng-valid ng-1'

2560-10-19 16:16:11 - [TEST_STEP][PASSED] - click: Object: 'Object Repository/reset password/reset/button_SUBMIT' is clicked on

2560-10-19 16:16:11 - [MESSAGE][PASSED] - Object: 'Object Repository/reset password/reset/button_SUBMIT' is clicked on

2560-10-19 16:16:11 - [TEST_STEP][PASSED] - verifyElementPresent: Object 'Object Repository/reset password/reset/div_Edit Profile Successful.' is present

2560-10-19 16:16:12 - [MESSAGE][PASSED] - Object 'Object Repository/reset password/reset/div_Edit Profile Successful.' is present

2560-10-19 16:16:12 - [TEST_STEP][NOT_RUN] - Statement - If (false): NOT_RUN: Statement - If (false)

2560-10-19 16:16:12 - [MESSAGE][NOT_RUN] - NOT_RUN: Statement - If (false)

2560-10-19 16:16:12 - [TEST_STEP][PASSED] - click: Object: 'Object Repository/reset password/reset/button_' is clicked on

2560-10-19 16:16:12 - [MESSAGE][PASSED] - Object: 'Object Repository/reset password/reset/button_' is clicked on

2560-10-19 16:16:12 - [TEST_STEP][NOT_RUN] - closeBrowser: NOT_RUN: closeBrowser

2560-10-19 16:16:12 - [MESSAGE][NOT_RUN] - NOT_RUN: closeBrowser]]></system-out>
         <system-err><![CDATA[]]></system-err>
      </testcase>
      <testcase name="Test Cases/History Log/Search history log" classname="Test Cases/History Log/Search history log" status="PASSED">
         <system-out><![CDATA[2560-10-19 16:16:12 - [TEST_CASE][PASSED] - Test Cases/History Log/Search history log: Test Cases/History Log/Search history log

2560-10-19 16:16:12 - [TEST_STEP][NOT_RUN] - openBrowser: NOT_RUN: openBrowser

2560-10-19 16:16:12 - [MESSAGE][NOT_RUN] - NOT_RUN: openBrowser

2560-10-19 16:16:12 - [TEST_STEP][NOT_RUN] - maximizeWindow: NOT_RUN: maximizeWindow

2560-10-19 16:16:12 - [MESSAGE][NOT_RUN] - NOT_RUN: maximizeWindow

2560-10-19 16:16:12 - [TEST_STEP][NOT_RUN] - navigateToUrl: NOT_RUN: navigateToUrl

2560-10-19 16:16:12 - [MESSAGE][NOT_RUN] - NOT_RUN: navigateToUrl

2560-10-19 16:16:12 - [TEST_STEP][NOT_RUN] - click: NOT_RUN: click

2560-10-19 16:16:12 - [MESSAGE][NOT_RUN] - NOT_RUN: click

2560-10-19 16:16:12 - [TEST_STEP][NOT_RUN] - setText: NOT_RUN: setText

2560-10-19 16:16:12 - [MESSAGE][NOT_RUN] - NOT_RUN: setText

2560-10-19 16:16:12 - [TEST_STEP][NOT_RUN] - setText: NOT_RUN: setText

2560-10-19 16:16:12 - [MESSAGE][NOT_RUN] - NOT_RUN: setText

2560-10-19 16:16:12 - [TEST_STEP][NOT_RUN] - submit: NOT_RUN: submit

2560-10-19 16:16:12 - [MESSAGE][NOT_RUN] - NOT_RUN: submit

2560-10-19 16:16:12 - [TEST_STEP][PASSED] - click: Object: 'Object Repository/Search history log/Page_Guru TMDA/a_Log' is clicked on

2560-10-19 16:16:12 - [MESSAGE][PASSED] - Object: 'Object Repository/Search history log/Page_Guru TMDA/a_Log' is clicked on

2560-10-19 16:16:13 - [TEST_STEP][PASSED] - click: Object: 'Object Repository/Search history log/Page_Guru TMDA (2)/span_mydpicon icon-mydpcalenda' is clicked on

2560-10-19 16:16:14 - [MESSAGE][PASSED] - Object: 'Object Repository/Search history log/Page_Guru TMDA (2)/span_mydpicon icon-mydpcalenda' is clicked on

2560-10-19 16:16:14 - [TEST_STEP][PASSED] - click: Object: 'Object Repository/Search history log/Page_Guru TMDA (2)/button_headertodaybtn headerto' is clicked on

2560-10-19 16:16:14 - [MESSAGE][PASSED] - Object: 'Object Repository/Search history log/Page_Guru TMDA (2)/button_headertodaybtn headerto' is clicked on

2560-10-19 16:16:14 - [TEST_STEP][PASSED] - verifyElementPresent: Object 'Object Repository/Search history log/Page_Guru TMDA (2)/th_w3-center' is present

2560-10-19 16:16:15 - [MESSAGE][PASSED] - Object 'Object Repository/Search history log/Page_Guru TMDA (2)/th_w3-center' is present

2560-10-19 16:16:15 - [TEST_STEP][PASSED] - selectOptionByValue: All options with value '1' are selected in object 'Object Repository/Search history log/Page_Guru TMDA (2)/select_serach_type'  using regular expression

2560-10-19 16:16:16 - [MESSAGE][PASSED] - All options with value '1' are selected in object 'Object Repository/Search history log/Page_Guru TMDA (2)/select_serach_type'  using regular expression

2560-10-19 16:16:16 - [TEST_STEP][PASSED] - verifyElementPresent: Object 'Object Repository/Search history log/Page_Guru TMDA (2)/td' is present

2560-10-19 16:16:16 - [MESSAGE][PASSED] - Object 'Object Repository/Search history log/Page_Guru TMDA (2)/td' is present

2560-10-19 16:16:16 - [TEST_STEP][PASSED] - selectOptionByValue: All options with value '2' are selected in object 'Object Repository/Search history log/Page_Guru TMDA (2)/select_serach_type'  using regular expression

2560-10-19 16:16:16 - [MESSAGE][PASSED] - All options with value '2' are selected in object 'Object Repository/Search history log/Page_Guru TMDA (2)/select_serach_type'  using regular expression

2560-10-19 16:16:16 - [TEST_STEP][PASSED] - click: Object: 'Object Repository/Search history log/Page_Guru TMDA (2)/button_Preview' is clicked on

2560-10-19 16:16:17 - [MESSAGE][PASSED] - Object: 'Object Repository/Search history log/Page_Guru TMDA (2)/button_Preview' is clicked on

2560-10-19 16:16:17 - [TEST_STEP][PASSED] - click: Object: 'Object Repository/Search history log/Page_Guru TMDA (2)/i_fa fa-times w3-xlarge w3-tex' is clicked on

2560-10-19 16:16:17 - [MESSAGE][PASSED] - Object: 'Object Repository/Search history log/Page_Guru TMDA (2)/i_fa fa-times w3-xlarge w3-tex' is clicked on

2560-10-19 16:16:17 - [TEST_STEP][PASSED] - closeBrowser: Browser is closed

2560-10-19 16:16:18 - [MESSAGE][PASSED] - Browser is closed]]></system-out>
         <system-err><![CDATA[]]></system-err>
      </testcase>
      <system-out><![CDATA[2560-10-19 16:12:20 - [TEST_SUITE][FAILED] - Basic work: Test Cases/Basic work/Predicted Multiple Verbatim/Prediction in details display Company Brand list FAILED because (of) Unable to verify object 'Object Repository/Display Accessibility list/Page_Guru TMDA (2)/div_row' is present (Root cause: com.kms.katalon.core.webui.exception.WebElementNotFoundException: Web element with id: 'Object Repository/Display Accessibility list/Page_Guru TMDA (2)/div_row' located by 'By.xpath: //div[count(. | /html[1]/body[1]/my-app[1]/app-predicted-results[1]/div[@class="container-fluid"]/div[@class="row centurygothic-font"]/div[@class="col-xs-12 col-sm-8 col-md-8 col-lg-9"]/div[2]/div[@class="row"]) = count(/html[1]/body[1]/my-app[1]/app-predicted-results[1]/div[@class="container-fluid"]/div[@class="row centurygothic-font"]/div[@class="col-xs-12 col-sm-8 col-md-8 col-lg-9"]/div[2]/div[@class="row"])]' not found)]]></system-out>
      <system-err><![CDATA[2560-10-19 16:12:20 - [TEST_SUITE][FAILED] - Basic work: Test Cases/Basic work/Predicted Multiple Verbatim/Prediction in details display Company Brand list FAILED because (of) Unable to verify object 'Object Repository/Display Accessibility list/Page_Guru TMDA (2)/div_row' is present (Root cause: com.kms.katalon.core.webui.exception.WebElementNotFoundException: Web element with id: 'Object Repository/Display Accessibility list/Page_Guru TMDA (2)/div_row' located by 'By.xpath: //div[count(. | /html[1]/body[1]/my-app[1]/app-predicted-results[1]/div[@class="container-fluid"]/div[@class="row centurygothic-font"]/div[@class="col-xs-12 col-sm-8 col-md-8 col-lg-9"]/div[2]/div[@class="row"]) = count(/html[1]/body[1]/my-app[1]/app-predicted-results[1]/div[@class="container-fluid"]/div[@class="row centurygothic-font"]/div[@class="col-xs-12 col-sm-8 col-md-8 col-lg-9"]/div[2]/div[@class="row"])]' not found)]]></system-err>
   </testsuite>
</testsuites>
